2024-10-10 09:14:48,422 [INFO] Activator:176 - 


2024-10-10 09:14:48,428 [INFO] Activator:177 - !SESSION log4j initialized
2024-10-10 09:14:54,204 [INFO] LogOutputStream:77 - [STDOUT_REDIRECT] 
2024-10-10 09:15:01,047 [INFO] ApplicationProperties:184 - Using Application install path: /opt/st/stm32cubeide_1.16.1/plugins/com.st.stm32cube.common.mx_6.12.1.202409122256
2024-10-10 09:15:01,074 [INFO] DbMcusXml:78 - Set database path to: /opt/st/stm32cubeide_1.16.1/plugins/com.st.stm32cube.common.mx_6.12.1.202409122256//db//mcu/
2024-10-10 09:15:01,075 [INFO] ApiDb:274 - Set plugin database path to: /opt/st/stm32cubeide_1.16.1/plugins/com.st.stm32cube.common.mx_6.12.1.202409122256//db//plugins/boardmanager/
2024-10-10 09:15:01,075 [WARN] ApiDb:259 - Overriding images path with different value:  => /opt/st/stm32cubeide_1.16.1/plugins/com.st.stm32cube.common.mx_6.12.1.202409122256//db//plugins/mcufinder/images/
2024-10-10 09:15:01,088 [INFO] ApiDb:250 - Set database path to: /home/lenovo/.stmcufinder/plugins/mcufinder//mcu/
2024-10-10 09:15:01,090 [INFO] DbMcusAds:125 - Set database path to: /home/lenovo/.stmcufinder/plugins/mcufinder//mcu/
2024-10-10 09:15:01,095 [INFO] CrossReferenceDbSqlite:203 - Set database path to: /home/lenovo/.stmcufinder/plugins/mcufinder//mcu/cs/
2024-10-10 09:15:01,317 [INFO] RulesReader:64 - Compatibility file has been processed (297 Rules)
2024-10-10 09:15:01,396 [INFO] DbMcusXml:78 - Set database path to: /opt/st/stm32cubeide_1.16.1/plugins/com.st.stm32cube.common.mx_6.12.1.202409122256//db//mcu/
2024-10-10 09:15:01,397 [INFO] ApiDb:274 - Set plugin database path to: /opt/st/stm32cubeide_1.16.1/plugins/com.st.stm32cube.common.mx_6.12.1.202409122256//db//plugins/boardmanager/
2024-10-10 09:15:01,397 [INFO] ApiDb:261 - Set plugin images path to: /opt/st/stm32cubeide_1.16.1/plugins/com.st.stm32cube.common.mx_6.12.1.202409122256//db//plugins/mcufinder/images/
2024-10-10 09:15:01,397 [WARN] DbFile:41 - Overriding database path with different value: /home/lenovo/.stmcufinder/plugins/mcufinder/ => /home/lenovo/.stmcufinder/plugins/mcufinder
2024-10-10 09:15:01,397 [INFO] ApiDb:250 - Set database path to: /home/lenovo/.stmcufinder/plugins/mcufinder//mcu/
2024-10-10 09:15:01,398 [WARN] DbFile:41 - Overriding database path with different value: /home/lenovo/.stmcufinder/plugins/mcufinder/ => /home/lenovo/.stmcufinder/plugins/mcufinder
2024-10-10 09:15:01,398 [INFO] DbMcusAds:125 - Set database path to: /home/lenovo/.stmcufinder/plugins/mcufinder//mcu/
2024-10-10 09:15:01,398 [WARN] DbFile:41 - Overriding database path with different value: /home/lenovo/.stmcufinder/plugins/mcufinder/ => /home/lenovo/.stmcufinder/plugins/mcufinder
2024-10-10 09:15:01,398 [WARN] DbFile:41 - Overriding database path with different value: /home/lenovo/.stmcufinder/plugins/mcufinder/ => /home/lenovo/.stmcufinder/plugins/mcufinder
2024-10-10 09:15:01,398 [INFO] CrossReferenceDbSqlite:203 - Set database path to: /home/lenovo/.stmcufinder/plugins/mcufinder//mcu/cs/
2024-10-10 09:15:01,500 [INFO] MainPanel:268 - HeapMemory: 268435456
2024-10-10 09:15:01,693 [INFO] DbMcusXml:78 - Set database path to: /opt/st/stm32cubeide_1.16.1/plugins/com.st.stm32cube.common.mx_6.12.1.202409122256//db//mcu/
2024-10-10 09:15:01,693 [INFO] ApiDb:274 - Set plugin database path to: /opt/st/stm32cubeide_1.16.1/plugins/com.st.stm32cube.common.mx_6.12.1.202409122256//db//plugins/boardmanager/
2024-10-10 09:15:01,694 [INFO] ApiDb:261 - Set plugin images path to: /opt/st/stm32cubeide_1.16.1/plugins/com.st.stm32cube.common.mx_6.12.1.202409122256//db//plugins/mcufinder/images/
2024-10-10 09:15:01,694 [WARN] DbFile:41 - Overriding database path with different value: /home/lenovo/.stmcufinder/plugins/mcufinder/ => /home/lenovo/.stmcufinder/plugins/mcufinder
2024-10-10 09:15:01,695 [INFO] ApiDb:250 - Set database path to: /home/lenovo/.stmcufinder/plugins/mcufinder//mcu/
2024-10-10 09:15:01,695 [WARN] DbFile:41 - Overriding database path with different value: /home/lenovo/.stmcufinder/plugins/mcufinder/ => /home/lenovo/.stmcufinder/plugins/mcufinder
2024-10-10 09:15:01,695 [INFO] DbMcusAds:125 - Set database path to: /home/lenovo/.stmcufinder/plugins/mcufinder//mcu/
2024-10-10 09:15:01,695 [WARN] DbFile:41 - Overriding database path with different value: /home/lenovo/.stmcufinder/plugins/mcufinder/ => /home/lenovo/.stmcufinder/plugins/mcufinder
2024-10-10 09:15:01,695 [WARN] DbFile:41 - Overriding database path with different value: /home/lenovo/.stmcufinder/plugins/mcufinder/ => /home/lenovo/.stmcufinder/plugins/mcufinder
2024-10-10 09:15:01,695 [INFO] CrossReferenceDbSqlite:203 - Set database path to: /home/lenovo/.stmcufinder/plugins/mcufinder//mcu/cs/
2024-10-10 09:15:01,721 [INFO] ApplicationProperties:184 - Using Application install path: /opt/st/stm32cubeide_1.16.1/plugins/com.st.stm32cube.common.mx_6.12.1.202409122256
2024-10-10 09:15:01,723 [INFO] PluginManage:196 - Search for loadable plugins [exclusion list=, ]
2024-10-10 09:15:01,726 [INFO] PluginManage:310 - Check plugin analytics
2024-10-10 09:15:01,988 [INFO] AnalyticsPlugin:253 - Accepted Software Licenses: 
2024-10-10 09:15:01,989 [INFO] AnalyticsPlugin:255 - Accepted CMSIS Pack Licenses: 
2024-10-10 09:15:01,989 [INFO] AnalyticsPlugin:257 - Accepted Firmware Licenses: 
2024-10-10 09:15:01,992 [INFO] PluginManage:359 - Loaded plugin analytics (category:tool,tabindex:-1)
2024-10-10 09:15:01,993 [INFO] PluginManage:310 - Check plugin cadmodel
2024-10-10 09:15:02,000 [INFO] CADModel:105 - Init CAD model plugin
2024-10-10 09:15:02,000 [INFO] PluginManage:359 - Loaded plugin cadmodel (category:power,tabindex:5)
2024-10-10 09:15:02,001 [INFO] PluginManage:310 - Check plugin clock
2024-10-10 09:15:02,014 [INFO] PluginManage:359 - Loaded plugin clock (category:base,tabindex:2)
2024-10-10 09:15:02,014 [INFO] PluginManage:310 - Check plugin ddr
2024-10-10 09:15:02,017 [INFO] PluginManage:359 - Loaded plugin ddr (category:tool,tabindex:6)
2024-10-10 09:15:02,018 [INFO] PluginManage:310 - Check plugin filemanager
2024-10-10 09:15:02,196 [INFO] PluginManage:359 - Loaded plugin filemanager (category:base,tabindex:10)
2024-10-10 09:15:02,197 [INFO] PluginManage:310 - Check plugin ipmanager
2024-10-10 09:15:02,203 [INFO] PluginManage:359 - Loaded plugin ipmanager (category:base,tabindex:5)
2024-10-10 09:15:02,203 [INFO] PluginManage:310 - Check plugin lpbam
2024-10-10 09:15:02,216 [INFO] PluginManage:359 - Loaded plugin lpbam (category:base,tabindex:0)
2024-10-10 09:15:02,217 [INFO] PluginManage:310 - Check plugin memorymap
2024-10-10 09:15:02,234 [INFO] PluginManage:359 - Loaded plugin memorymap (category:base,tabindex:4)
2024-10-10 09:15:02,234 [INFO] PluginManage:310 - Check plugin pinoutandconfiguration
2024-10-10 09:15:02,247 [INFO] PluginManage:359 - Loaded plugin pinoutandconfiguration (category:base,tabindex:1)
2024-10-10 09:15:02,247 [INFO] PluginManage:310 - Check plugin pinoutconfig
2024-10-10 09:15:02,366 [WARN] SupportedApi:132 - Cannot load RTOS API schema: s4s-elt-must-match.1: The content of 'definitions' must match (annotation?, (simpleType | complexType)?, (unique | key | keyref)*)). A problem was found starting at: attribute.
2024-10-10 09:15:02,559 [INFO] PluginManage:359 - Loaded plugin pinoutconfig (category:base,tabindex:0)
2024-10-10 09:15:02,559 [INFO] PluginManage:310 - Check plugin power
2024-10-10 09:15:02,572 [INFO] PluginManage:359 - Loaded plugin power (category:power,tabindex:4)
2024-10-10 09:15:02,572 [INFO] PluginManage:310 - Check plugin projectmanager
2024-10-10 09:15:02,597 [INFO] PluginManage:359 - Loaded plugin projectmanager (category:projectmanager,tabindex:4)
2024-10-10 09:15:02,598 [INFO] PluginManage:310 - Check plugin rif
2024-10-10 09:15:02,605 [INFO] PluginManage:359 - Loaded plugin rif (category:base,tabindex:3)
2024-10-10 09:15:02,605 [INFO] PluginManage:310 - Check plugin thirdparty
2024-10-10 09:15:02,772 [INFO] PluginManage:359 - Loaded plugin thirdparty (category:base,tabindex:-1)
2024-10-10 09:15:02,772 [WARN] IntegrityCheckThread:84 - waiting for thirdparty lock release [integrity check]
2024-10-10 09:15:02,772 [INFO] PluginManage:310 - Check plugin tools
2024-10-10 09:15:02,772 [INFO] IntegrityCheckThread:86 - entering critical section [integrity check]
2024-10-10 09:15:02,773 [INFO] ThirdPartyUpdaterWithRetryManager:70 - Updater plugin not ready yet. [1/15]
2024-10-10 09:15:02,775 [INFO] PluginManage:359 - Loaded plugin tools (category:base,tabindex:7)
2024-10-10 09:15:02,776 [INFO] PluginManage:310 - Check plugin tutovideos
2024-10-10 09:15:03,022 [INFO] PluginManage:359 - Loaded plugin tutovideos (category:base,tabindex:-1)
2024-10-10 09:15:03,022 [INFO] PluginManage:310 - Check plugin updater
2024-10-10 09:15:03,048 [INFO] PluginManage:359 - Loaded plugin updater (category:base,tabindex:12)
2024-10-10 09:15:03,049 [INFO] PluginManage:310 - Check plugin userauth
2024-10-10 09:15:03,062 [INFO] UserAuth:113 - Init User Auth plugin
2024-10-10 09:15:03,062 [INFO] PluginManage:359 - Loaded plugin userauth (category:base,tabindex:14)
2024-10-10 09:15:03,063 [INFO] PluginManage:283 - PluginManage : Loaded plugins [18]
2024-10-10 09:15:03,301 [INFO] PinOutPanel:1561 - setPackage(No Configuration,No Configuration)
2024-10-10 09:15:03,405 [INFO] CADModel:165 - CPN selected for project level
2024-10-10 09:15:03,406 [INFO] CADModel:114 - Register for checkConnection events
2024-10-10 09:15:03,420 [INFO] IPUIPlugin:80 - create IPUIPlugin
2024-10-10 09:15:03,421 [INFO] PluginManager:220 - loadIPPluginJar : add dma3
2024-10-10 09:15:03,427 [INFO] IPUIPlugin:80 - create IPUIPlugin
2024-10-10 09:15:03,427 [INFO] PluginManager:220 - loadIPPluginJar : add gpio
2024-10-10 09:15:03,429 [INFO] IPUIPlugin:80 - create IPUIPlugin
2024-10-10 09:15:03,429 [INFO] PluginManager:220 - loadIPPluginJar : add quadspi
2024-10-10 09:15:03,442 [INFO] IPUIPlugin:80 - create IPUIPlugin
2024-10-10 09:15:03,443 [INFO] PluginManager:220 - loadIPPluginJar : add stm32_wpan
2024-10-10 09:15:03,445 [INFO] IPUIPlugin:80 - create IPUIPlugin
2024-10-10 09:15:03,446 [INFO] PluginManager:220 - loadIPPluginJar : add radio
2024-10-10 09:15:03,449 [INFO] IPUIPlugin:80 - create IPUIPlugin
2024-10-10 09:15:03,450 [INFO] PluginManager:220 - loadIPPluginJar : add i3c
2024-10-10 09:15:03,454 [INFO] IPUIPlugin:80 - create IPUIPlugin
2024-10-10 09:15:03,455 [INFO] PluginManager:220 - loadIPPluginJar : add touchsensing
2024-10-10 09:15:03,458 [INFO] IPUIPlugin:80 - create IPUIPlugin
2024-10-10 09:15:03,458 [INFO] PluginManager:220 - loadIPPluginJar : add aes
2024-10-10 09:15:03,460 [INFO] IPUIPlugin:80 - create IPUIPlugin
2024-10-10 09:15:03,460 [INFO] PluginManager:220 - loadIPPluginJar : add ucpd
2024-10-10 09:15:03,465 [INFO] IPUIPlugin:80 - create IPUIPlugin
2024-10-10 09:15:03,465 [INFO] PluginManager:220 - loadIPPluginJar : add gic
2024-10-10 09:15:03,473 [INFO] IPUIPlugin:80 - create IPUIPlugin
2024-10-10 09:15:03,473 [INFO] PluginManager:220 - loadIPPluginJar : add adc
2024-10-10 09:15:03,476 [INFO] IPUIPlugin:80 - create IPUIPlugin
2024-10-10 09:15:03,476 [INFO] PluginManager:220 - loadIPPluginJar : add pdm2pcm
2024-10-10 09:15:03,481 [INFO] IPUIPlugin:80 - create IPUIPlugin
2024-10-10 09:15:03,481 [INFO] PluginManager:220 - loadIPPluginJar : add openamp
2024-10-10 09:15:03,483 [INFO] IPUIPlugin:80 - create IPUIPlugin
2024-10-10 09:15:03,483 [INFO] PluginManager:220 - loadIPPluginJar : add ltdc
2024-10-10 09:15:03,488 [INFO] IPUIPlugin:80 - create IPUIPlugin
2024-10-10 09:15:03,489 [INFO] PluginManager:220 - loadIPPluginJar : add fmc
2024-10-10 09:15:03,491 [INFO] IPUIPlugin:80 - create IPUIPlugin
2024-10-10 09:15:03,491 [INFO] PluginManager:220 - loadIPPluginJar : add tracer_emb
2024-10-10 09:15:03,494 [INFO] IPUIPlugin:80 - create IPUIPlugin
2024-10-10 09:15:03,495 [INFO] PluginManager:220 - loadIPPluginJar : add spi
2024-10-10 09:15:03,499 [INFO] IPUIPlugin:80 - create IPUIPlugin
2024-10-10 09:15:03,500 [INFO] PluginManager:220 - loadIPPluginJar : add nvic
2024-10-10 09:15:03,501 [INFO] IPUIPlugin:80 - create IPUIPlugin
2024-10-10 09:15:03,501 [INFO] PluginManager:220 - loadIPPluginJar : add genericplugin
2024-10-10 09:15:03,503 [INFO] IPUIPlugin:80 - create IPUIPlugin
2024-10-10 09:15:03,503 [INFO] PluginManager:220 - loadIPPluginJar : add comp
2024-10-10 09:15:03,505 [INFO] IPUIPlugin:80 - create IPUIPlugin
2024-10-10 09:15:03,506 [INFO] PluginManager:220 - loadIPPluginJar : add hash
2024-10-10 09:15:03,512 [INFO] IPUIPlugin:80 - create IPUIPlugin
2024-10-10 09:15:03,512 [INFO] PluginManager:220 - loadIPPluginJar : add mdma
2024-10-10 09:15:03,515 [INFO] IPUIPlugin:80 - create IPUIPlugin
2024-10-10 09:15:03,515 [INFO] PluginManager:220 - loadIPPluginJar : add usart
2024-10-10 09:15:03,517 [INFO] IPUIPlugin:80 - create IPUIPlugin
2024-10-10 09:15:03,518 [INFO] PluginManager:220 - loadIPPluginJar : add tim
2024-10-10 09:15:03,525 [INFO] IPUIPlugin:80 - create IPUIPlugin
2024-10-10 09:15:03,526 [INFO] PluginManager:220 - loadIPPluginJar : add dma
2024-10-10 09:15:03,528 [INFO] IPUIPlugin:80 - create IPUIPlugin
2024-10-10 09:15:03,529 [INFO] PluginManager:220 - loadIPPluginJar : add gfxmmu
2024-10-10 09:15:03,533 [INFO] IPUIPlugin:80 - create IPUIPlugin
2024-10-10 09:15:03,533 [INFO] PluginManager:220 - loadIPPluginJar : add ipddr
2024-10-10 09:15:03,537 [INFO] IPUIPlugin:80 - create IPUIPlugin
2024-10-10 09:15:03,537 [INFO] PluginManager:220 - loadIPPluginJar : add extmemmanager
2024-10-10 09:15:03,541 [INFO] IPUIPlugin:80 - create IPUIPlugin
2024-10-10 09:15:03,541 [INFO] PluginManager:220 - loadIPPluginJar : add can
2024-10-10 09:15:03,547 [INFO] IPUIPlugin:80 - create IPUIPlugin
2024-10-10 09:15:03,547 [INFO] PluginManager:220 - loadIPPluginJar : add resmgrutility
2024-10-10 09:15:03,550 [INFO] IPUIPlugin:80 - create IPUIPlugin
2024-10-10 09:15:03,551 [INFO] PluginManager:220 - loadIPPluginJar : add lorawan
2024-10-10 09:15:03,561 [INFO] IPUIPlugin:80 - create IPUIPlugin
2024-10-10 09:15:03,561 [INFO] PluginManager:220 - loadIPPluginJar : add linkedlist
2024-10-10 09:15:03,569 [INFO] IPUIPlugin:80 - create IPUIPlugin
2024-10-10 09:15:03,569 [INFO] PluginManager:220 - loadIPPluginJar : add freertos
2024-10-10 09:15:03,571 [INFO] IPUIPlugin:80 - create IPUIPlugin
2024-10-10 09:15:03,572 [INFO] PluginManager:220 - loadIPPluginJar : add tsc
2024-10-10 09:15:03,575 [INFO] IPUIPlugin:80 - create IPUIPlugin
2024-10-10 09:15:03,575 [INFO] PluginManager:220 - loadIPPluginJar : add i2s
2024-10-10 09:15:03,579 [INFO] IPUIPlugin:80 - create IPUIPlugin
2024-10-10 09:15:03,579 [INFO] PluginManager:220 - loadIPPluginJar : add usbx
2024-10-10 09:15:03,583 [INFO] IPUIPlugin:80 - create IPUIPlugin
2024-10-10 09:15:03,583 [INFO] PluginManager:220 - loadIPPluginJar : add gtzc
2024-10-10 09:15:03,594 [INFO] IPUIPlugin:80 - create IPUIPlugin
2024-10-10 09:15:03,599 [INFO] PluginManager:220 - loadIPPluginJar : add plateformsettings
2024-10-10 09:15:03,601 [INFO] IPUIPlugin:80 - create IPUIPlugin
2024-10-10 09:15:03,602 [INFO] PluginManager:220 - loadIPPluginJar : add fatfs
2024-10-10 09:15:03,605 [INFO] IPUIPlugin:80 - create IPUIPlugin
2024-10-10 09:15:03,605 [INFO] PluginManager:220 - loadIPPluginJar : add cryp
2024-10-10 09:15:03,609 [INFO] IPUIPlugin:80 - create IPUIPlugin
2024-10-10 09:15:03,609 [INFO] PluginManager:220 - loadIPPluginJar : add sai
2024-10-10 09:15:03,613 [INFO] IPUIPlugin:80 - create IPUIPlugin
2024-10-10 09:15:03,613 [INFO] PluginManager:220 - loadIPPluginJar : add i2c
2024-10-10 09:15:03,616 [INFO] IPUIPlugin:80 - create IPUIPlugin
2024-10-10 09:15:03,616 [INFO] PluginManager:220 - loadIPPluginJar : add dfsdm
2024-10-10 09:15:03,620 [INFO] IPUIPlugin:80 - create IPUIPlugin
2024-10-10 09:15:03,620 [INFO] PluginManager:220 - loadIPPluginJar : add opamp
2024-10-10 09:15:03,624 [INFO] IPUIPlugin:80 - create IPUIPlugin
2024-10-10 09:15:03,624 [INFO] PluginManager:220 - loadIPPluginJar : add ddr_ctrl_phy
2024-10-10 09:15:03,626 [INFO] IPUIPlugin:80 - create IPUIPlugin
2024-10-10 09:15:03,627 [INFO] PluginManager:220 - loadIPPluginJar : add ts
2024-10-10 09:15:03,749 [INFO] CADModel:165 - CPN selected for project level
2024-10-10 09:15:03,749 [INFO] CADModel:114 - Register for checkConnection events
2024-10-10 09:15:03,749 [FATAL] Updater:334 - Updater called before beeing initialized
2024-10-10 09:15:03,749 [ERROR] CADModel:125 - Updater not yet initialized, retry later 
2024-10-10 09:15:03,908 [INFO] CADModel:165 - CPN selected for project level
2024-10-10 09:15:03,909 [INFO] CADModel:114 - Register for checkConnection events
2024-10-10 09:15:03,909 [FATAL] Updater:334 - Updater called before beeing initialized
2024-10-10 09:15:03,909 [ERROR] CADModel:125 - Updater not yet initialized, retry later 
2024-10-10 09:15:03,914 [FATAL] Updater:334 - Updater called before beeing initialized
2024-10-10 09:15:04,057 [FATAL] Updater:334 - Updater called before beeing initialized
2024-10-10 09:15:04,063 [INFO] DbMcusAds:53 - JSON generation date=Fri Sep 20 18:34:23 IST 2024 (1726837463113)
2024-10-10 09:15:04,063 [FATAL] Updater:334 - Updater called before beeing initialized
2024-10-10 09:15:04,117 [WARN] DetailPanel:346 - Failed to get advertising image, set to default
2024-10-10 09:15:04,219 [FATAL] Updater:334 - Updater called before beeing initialized
2024-10-10 09:15:04,221 [FATAL] Updater:334 - Updater called before beeing initialized
2024-10-10 09:15:04,221 [FATAL] Updater:334 - Updater called before beeing initialized
2024-10-10 09:15:04,221 [WARN] DetailPanel:346 - Failed to get advertising image, set to default
2024-10-10 09:15:04,222 [FATAL] Updater:334 - Updater called before beeing initialized
2024-10-10 09:15:04,271 [ERROR] Updater:1164 - MainUpdater not yet initialized. External WinMGr cannot be set.
2024-10-10 09:15:04,275 [INFO] Updater:1100 - Updater Version found : 6.12.1
2024-10-10 09:15:04,342 [INFO] ApplicationProperties:184 - Using Application install path: /opt/st/stm32cubeide_1.16.1/plugins/com.st.stm32cube.common.mx_6.12.1.202409122256
2024-10-10 09:15:04,964 [INFO] MainUpdater:2873 - connection check result : 10
2024-10-10 09:15:04,966 [INFO] MainUpdater:290 - Updater Check For Update Now.
2024-10-10 09:15:04,967 [INFO] MicroXplorer:498 - Change Database Version : DB.6.0.121
2024-10-10 09:15:04,989 [INFO] McuFinderGlobals:63 - Set McuFinder mode to 2 (CubeIDE integrated)
2024-10-10 09:15:04,989 [INFO] UserAuth:179 - activating auth plugin
2024-10-10 09:15:05,003 [INFO] UserAuth:417 - Internet connection configuration mode: 1
2024-10-10 09:15:05,065 [INFO] JxBrowserEngine:152 - Initiate JxBrowser Engine with user profile folder
2024-10-10 09:15:05,281 [INFO] CheckServerUpdateThread:120 - End of CheckServer Thread
2024-10-10 09:15:06,007 [WARN] PackLoader:240 - Cannot read IP mode file for STMicroelectronics.FP-SNS-MOTENVWB1.1.4.0
2024-10-10 09:15:06,019 [WARN] PackLoader:240 - Cannot read IP mode file for STMicroelectronics.X-CUBE-SMBUS.2.1.0
2024-10-10 09:15:06,032 [WARN] PackLoader:240 - Cannot read IP mode file for STMicroelectronics.X-CUBE-WB05N.1.1.0
2024-10-10 09:15:06,089 [WARN] PackLoader:240 - Cannot read IP mode file for STMicroelectronics.X-CUBE-AZRTOS-F7.1.1.0
2024-10-10 09:15:06,299 [WARN] PackLoader:240 - Cannot read IP mode file for STMicroelectronics.X-CUBE-MEMS1.11.0.0
2024-10-10 09:15:06,749 [WARN] PackLoader:240 - Cannot read IP mode file for STMicroelectronics.FP-SNS-FLIGHT1.5.0.2
2024-10-10 09:15:06,767 [WARN] PackLoader:240 - Cannot read IP mode file for STMicroelectronics.X-CUBE-DISPLAY.3.0.0
2024-10-10 09:15:06,785 [WARN] PackLoader:240 - Cannot read IP mode file for STMicroelectronics.X-CUBE-BLE1.7.0.0
2024-10-10 09:15:06,800 [WARN] PackLoader:240 - Cannot read IP mode file for STMicroelectronics.X-CUBE-NFC10.1.0.0
2024-10-10 09:15:06,815 [WARN] PackLoader:240 - Cannot read IP mode file for emotas.I-CUBE-CANOPEN.1.3.0
2024-10-10 09:15:06,836 [WARN] PackLoader:240 - Cannot read IP mode file for STMicroelectronics.X-CUBE-BLEMGR.3.1.0
2024-10-10 09:15:06,860 [WARN] PackLoader:240 - Cannot read IP mode file for STMicroelectronics.FP-SNS-SMARTAG2.1.2.0
2024-10-10 09:15:06,896 [INFO] LogOutputStream:77 - [STDOUT_REDIRECT] 1 : Invalid condition id : UX_CORESTACK_Condition cause : null
2024-10-10 09:15:06,897 [INFO] LogOutputStream:77 - [STDOUT_REDIRECT] 1 : Invalid condition id : UX_CORESTACK_Condition cause : null
2024-10-10 09:15:06,898 [INFO] LogOutputStream:77 - [STDOUT_REDIRECT] 1 : Invalid condition id : UX_CORESTACK_Condition cause : null
2024-10-10 09:15:06,899 [INFO] LogOutputStream:77 - [STDOUT_REDIRECT] 1 : Invalid condition id : UX_CORESTACK_Condition cause : null
2024-10-10 09:15:06,899 [INFO] LogOutputStream:77 - [STDOUT_REDIRECT] 1 : Invalid condition id : UX_CORESTACK_Condition cause : null
2024-10-10 09:15:06,918 [WARN] PackLoader:240 - Cannot read IP mode file for STMicroelectronics.X-CUBE-AZRTOS-WL.2.0.0
2024-10-10 09:15:06,936 [WARN] PackLoader:240 - Cannot read IP mode file for STMicroelectronics.FP-SNS-MOTENV1.5.0.0
2024-10-10 09:15:06,950 [WARN] PackLoader:240 - Cannot read IP mode file for wolfSSL.I-CUBE-wolfMQTT.1.19.0
2024-10-10 09:15:06,970 [WARN] PackLoader:240 - Cannot read IP mode file for WES.I-CUBE-Cesium.1.3.0
2024-10-10 09:15:06,980 [WARN] PackLoader:240 - Cannot read IP mode file for STMicroelectronics.X-CUBE-BLE2.3.3.0
2024-10-10 09:15:06,991 [WARN] PackLoader:240 - Cannot read IP mode file for STMicroelectronics.X-CUBE-NFC9.1.0.0
2024-10-10 09:15:07,009 [WARN] PackLoader:240 - Cannot read IP mode file for STMicroelectronics.X-CUBE-TCPP.4.1.0
2024-10-10 09:15:07,092 [WARN] PackLoader:240 - Cannot read IP mode file for STMicroelectronics.X-CUBE-AZRTOS-G0.1.1.0
2024-10-10 09:15:07,121 [WARN] PackLoader:240 - Cannot read IP mode file for STMicroelectronics.X-CUBE-SAFEA1.1.2.2
2024-10-10 09:15:07,146 [WARN] PackLoader:240 - Cannot read IP mode file for STMicroelectronics.X-CUBE-NFC4.3.0.0
2024-10-10 09:15:07,180 [WARN] PackLoader:240 - Cannot read IP mode file for EmbeddedOffice.I-CUBE-FS-RTOS.1.0.1
2024-10-10 09:15:07,180 [ERROR] ConditionMgr:805 - Attr not supported : Dmpu
2024-10-10 09:15:07,181 [ERROR] ConditionMgr:805 - Attr not supported : Dmpu
2024-10-10 09:15:07,181 [ERROR] ConditionMgr:805 - Attr not supported : Dmpu
2024-10-10 09:15:07,181 [ERROR] ConditionMgr:805 - Attr not supported : Dmpu
2024-10-10 09:15:07,181 [ERROR] ConditionMgr:805 - Attr not supported : Dmpu
2024-10-10 09:15:07,181 [ERROR] ConditionMgr:805 - Attr not supported : Dmpu
2024-10-10 09:15:07,181 [ERROR] ConditionMgr:805 - Attr not supported : Dmpu
2024-10-10 09:15:07,181 [ERROR] ConditionMgr:805 - Attr not supported : Dmpu
2024-10-10 09:15:07,182 [ERROR] ConditionMgr:805 - Attr not supported : Dmpu
2024-10-10 09:15:07,182 [ERROR] ConditionMgr:805 - Attr not supported : Dmpu
2024-10-10 09:15:07,182 [ERROR] ConditionMgr:805 - Attr not supported : Dmpu
2024-10-10 09:15:07,182 [ERROR] ConditionMgr:805 - Attr not supported : Dmpu
2024-10-10 09:15:07,183 [ERROR] ConditionMgr:805 - Attr not supported : Dmpu
2024-10-10 09:15:07,184 [ERROR] ConditionMgr:805 - Attr not supported : Dmpu
2024-10-10 09:15:07,184 [ERROR] ConditionMgr:805 - Attr not supported : Dmpu
2024-10-10 09:15:07,184 [ERROR] ConditionMgr:805 - Attr not supported : Dmpu
2024-10-10 09:15:07,184 [ERROR] ConditionMgr:805 - Attr not supported : Dmpu
2024-10-10 09:15:07,184 [ERROR] ConditionMgr:805 - Attr not supported : Dmpu
2024-10-10 09:15:07,184 [ERROR] ConditionMgr:805 - Attr not supported : Dmpu
2024-10-10 09:15:07,184 [ERROR] ConditionMgr:805 - Attr not supported : Dmpu
2024-10-10 09:15:07,186 [ERROR] ConditionMgr:805 - Attr not supported : Dmpu
2024-10-10 09:15:07,188 [ERROR] ConditionMgr:805 - Attr not supported : Dmpu
2024-10-10 09:15:07,188 [ERROR] ConditionMgr:805 - Attr not supported : Dmpu
2024-10-10 09:15:07,188 [ERROR] ConditionMgr:805 - Attr not supported : Dmpu
2024-10-10 09:15:07,188 [ERROR] ConditionMgr:805 - Attr not supported : Dmpu
2024-10-10 09:15:07,188 [ERROR] ConditionMgr:805 - Attr not supported : Dmpu
2024-10-10 09:15:07,188 [ERROR] ConditionMgr:805 - Attr not supported : Dmpu
2024-10-10 09:15:07,189 [ERROR] ConditionMgr:805 - Attr not supported : Dmpu
2024-10-10 09:15:07,189 [ERROR] ConditionMgr:805 - Attr not supported : Dmpu
2024-10-10 09:15:07,189 [ERROR] ConditionMgr:805 - Attr not supported : Dmpu
2024-10-10 09:15:07,189 [ERROR] ConditionMgr:805 - Attr not supported : Dmpu
2024-10-10 09:15:07,189 [ERROR] ConditionMgr:805 - Attr not supported : Dmpu
2024-10-10 09:15:07,189 [ERROR] ConditionMgr:805 - Attr not supported : Dmpu
2024-10-10 09:15:07,189 [ERROR] ConditionMgr:805 - Attr not supported : Dmpu
2024-10-10 09:15:07,190 [ERROR] ConditionMgr:805 - Attr not supported : Dmpu
2024-10-10 09:15:07,190 [ERROR] ConditionMgr:805 - Attr not supported : Dmpu
2024-10-10 09:15:07,195 [ERROR] ConditionMgr:805 - Attr not supported : Dmpu
2024-10-10 09:15:07,195 [ERROR] ConditionMgr:805 - Attr not supported : Dmpu
2024-10-10 09:15:07,195 [ERROR] ConditionMgr:805 - Attr not supported : Dmpu
2024-10-10 09:15:07,195 [ERROR] ConditionMgr:805 - Attr not supported : Dmpu
2024-10-10 09:15:07,196 [ERROR] ConditionMgr:805 - Attr not supported : Dmpu
2024-10-10 09:15:07,196 [ERROR] ConditionMgr:805 - Attr not supported : Dmpu
2024-10-10 09:15:07,196 [ERROR] ConditionMgr:805 - Attr not supported : Dmpu
2024-10-10 09:15:07,196 [ERROR] ConditionMgr:805 - Attr not supported : Dmpu
2024-10-10 09:15:07,196 [ERROR] ConditionMgr:805 - Attr not supported : Dmpu
2024-10-10 09:15:07,196 [ERROR] ConditionMgr:805 - Attr not supported : Dmpu
2024-10-10 09:15:07,197 [ERROR] ConditionMgr:805 - Attr not supported : Dmpu
2024-10-10 09:15:07,197 [ERROR] ConditionMgr:805 - Attr not supported : Dmpu
2024-10-10 09:15:07,197 [ERROR] ConditionMgr:805 - Attr not supported : Dmpu
2024-10-10 09:15:07,197 [ERROR] ConditionMgr:805 - Attr not supported : Dmpu
2024-10-10 09:15:07,197 [ERROR] ConditionMgr:805 - Attr not supported : Dmpu
2024-10-10 09:15:07,197 [ERROR] ConditionMgr:805 - Attr not supported : Dmpu
2024-10-10 09:15:07,197 [ERROR] ConditionMgr:805 - Attr not supported : Dmpu
2024-10-10 09:15:07,200 [ERROR] ConditionMgr:805 - Attr not supported : Dmpu
2024-10-10 09:15:07,201 [ERROR] ConditionMgr:805 - Attr not supported : Dmpu
2024-10-10 09:15:07,201 [ERROR] ConditionMgr:805 - Attr not supported : Dmpu
2024-10-10 09:15:07,202 [ERROR] ConditionMgr:805 - Attr not supported : Dmpu
2024-10-10 09:15:07,202 [ERROR] ConditionMgr:805 - Attr not supported : Dmpu
2024-10-10 09:15:07,202 [ERROR] ConditionMgr:805 - Attr not supported : Dmpu
2024-10-10 09:15:07,202 [ERROR] ConditionMgr:805 - Attr not supported : Dmpu
2024-10-10 09:15:07,202 [ERROR] ConditionMgr:805 - Attr not supported : Dmpu
2024-10-10 09:15:07,202 [ERROR] ConditionMgr:805 - Attr not supported : Dmpu
2024-10-10 09:15:07,202 [ERROR] ConditionMgr:805 - Attr not supported : Dmpu
2024-10-10 09:15:07,206 [ERROR] ConditionMgr:805 - Attr not supported : Dmpu
2024-10-10 09:15:07,214 [WARN] PackLoader:240 - Cannot read IP mode file for RealThread.X-CUBE-RT-Thread_Nano.4.1.1
2024-10-10 09:15:07,225 [WARN] PackLoader:240 - Cannot read IP mode file for STMicroelectronics.FP-ATR-SIGFOX1.3.2.0
2024-10-10 09:15:07,232 [WARN] PackLoader:240 - Cannot read IP mode file for wolfSSL.I-CUBE-wolfSSL.5.7.2
2024-10-10 09:15:07,251 [WARN] PackLoader:240 - Cannot read IP mode file for STMicroelectronics.X-CUBE-EEPRMA1.5.1.0
2024-10-10 09:15:07,278 [WARN] PackLoader:240 - Cannot read IP mode file for ITTIA_DB.I-CUBE-ITTIADB.8.9.0
2024-10-10 09:15:07,304 [INFO] WebApp:167 - Instantiating new browser for Auth
2024-10-10 09:15:07,398 [WARN] PackLoader:240 - Cannot read IP mode file for SEGGER.I-CUBE-embOS.1.3.1
2024-10-10 09:15:07,489 [WARN] PackLoader:240 - Cannot read IP mode file for STMicroelectronics.X-CUBE-ALGOBUILD.1.4.0
2024-10-10 09:15:07,497 [WARN] PackLoader:240 - Cannot read IP mode file for STMicroelectronics.X-CUBE-AI.9.1.0
2024-10-10 09:15:07,534 [WARN] PackLoader:240 - Cannot read IP mode file for STMicroelectronics.X-CUBE-AZRTOS-F4.1.1.0
2024-10-10 09:15:07,546 [WARN] PackLoader:240 - Cannot read IP mode file for STMicroelectronics.X-CUBE-ISPU.2.1.0
2024-10-10 09:15:07,559 [WARN] PackLoader:240 - Cannot read IP mode file for STMicroelectronics.X-CUBE-FREERTOS.1.2.0
2024-10-10 09:15:07,599 [WARN] PackLoader:240 - Cannot read IP mode file for STMicroelectronics.X-CUBE-AZRTOS-L5.2.0.0
2024-10-10 09:15:07,634 [WARN] PackLoader:240 - Cannot read IP mode file for STMicroelectronics.X-CUBE-NFC6.3.1.0
2024-10-10 09:15:07,652 [WARN] PackLoader:240 - Cannot read IP mode file for STMicroelectronics.X-CUBE-DPower.1.2.0
2024-10-10 09:15:07,658 [WARN] PackLoader:240 - Cannot read IP mode file for STMicroelectronics.X-CUBE-NFC7.1.0.1
2024-10-10 09:15:07,728 [WARN] ConditionMgr:438 - getConditionDescription Invalid condition id : LAN8742 Phy interface Condition cause : null
2024-10-10 09:15:07,733 [WARN] PackLoader:240 - Cannot read IP mode file for STMicroelectronics.X-CUBE-AZRTOS-L4.2.0.0
2024-10-10 09:15:07,740 [WARN] ConditionMgr:1039 - genDependencies : Invalid condition id : LAN8742 Phy interface Condition cause : null
2024-10-10 09:15:07,741 [WARN] ConditionMgr:1039 - genDependencies : Invalid condition id : LAN8742 Phy interface Condition cause : null
2024-10-10 09:15:07,746 [WARN] ConditionMgr:1039 - genDependencies : Invalid condition id : LAN8742 Phy interface Condition cause : null
2024-10-10 09:15:07,764 [WARN] PackLoader:240 - Cannot read IP mode file for STMicroelectronics.X-CUBE-SFXS2LP1.4.0.0
2024-10-10 09:15:07,827 [WARN] PackLoader:240 - Cannot read IP mode file for STMicroelectronics.X-CUBE-AZRTOS-H7.3.3.0
2024-10-10 09:15:07,879 [WARN] PackLoader:240 - Cannot read IP mode file for STMicroelectronics.X-CUBE-IPS.3.0.0
2024-10-10 09:15:07,917 [WARN] ConditionMgr:438 - getConditionDescription Invalid condition id : UX DEVICE CLASS RTOS Condition cause : null
2024-10-10 09:15:07,918 [WARN] ConditionMgr:438 - getConditionDescription Invalid condition id : UX DEVICE CLASS RTOS Condition cause : null
2024-10-10 09:15:07,923 [WARN] PackLoader:240 - Cannot read IP mode file for STMicroelectronics.X-CUBE-AZRTOS-WB.2.0.0
2024-10-10 09:15:07,924 [WARN] ConditionMgr:1039 - genDependencies : Invalid condition id : UX DEVICE CLASS RTOS Condition cause : null
2024-10-10 09:15:07,924 [WARN] ConditionMgr:1039 - genDependencies : Invalid condition id : UX DEVICE CLASS RTOS Condition cause : null
2024-10-10 09:15:07,925 [WARN] ConditionMgr:1039 - genDependencies : Invalid condition id : UX DEVICE CLASS RTOS Condition cause : null
2024-10-10 09:15:07,926 [WARN] ConditionMgr:1039 - genDependencies : Invalid condition id : UX DEVICE CLASS RTOS Condition cause : null
2024-10-10 09:15:07,926 [WARN] ConditionMgr:1039 - genDependencies : Invalid condition id : UX DEVICE CLASS RTOS Condition cause : null
2024-10-10 09:15:07,938 [WARN] PackLoader:240 - Cannot read IP mode file for STMicroelectronics.X-CUBE-GNSS1.7.0.0
2024-10-10 09:15:07,949 [WARN] PackLoader:240 - Cannot read IP mode file for STMicroelectronics.FP-SNS-STBOX1.2.0.0
2024-10-10 09:15:07,973 [WARN] PackLoader:240 - Cannot read IP mode file for STMicroelectronics.X-CUBE-SUBG2.5.0.0
2024-10-10 09:15:07,993 [WARN] PackLoader:240 - Cannot read IP mode file for Cesanta.I-CUBE-Mongoose.7.13.0
2024-10-10 09:15:08,033 [WARN] PackLoader:240 - Cannot read IP mode file for STMicroelectronics.X-CUBE-AZRTOS-G4.2.0.0
2024-10-10 09:15:08,044 [WARN] PackLoader:240 - Cannot read IP mode file for STMicroelectronics.X-CUBE-ALS.1.0.2
2024-10-10 09:15:08,053 [WARN] PackLoader:240 - Cannot read IP mode file for STMicroelectronics.X-CUBE-TOUCHGFX.4.24.1
2024-10-10 09:15:08,058 [WARN] PackLoader:240 - Cannot read IP mode file for wolfSSL.I-CUBE-wolfTPM.3.4.0
2024-10-10 09:15:08,065 [WARN] PackLoader:240 - Cannot read IP mode file for portGmbH.I-Cube-SoM-uGOAL.1.1.0
2024-10-10 09:15:08,107 [WARN] PackLoader:240 - Cannot read IP mode file for STMicroelectronics.X-CUBE-AZRTOS-H7RS.1.0.0
2024-10-10 09:15:08,120 [WARN] PackLoader:240 - Cannot read IP mode file for STMicroelectronics.FP-ATR-ASTRA1.2.0.0
2024-10-10 09:15:08,142 [WARN] PackLoader:240 - Cannot read IP mode file for STMicroelectronics.X-CUBE-TOF1.3.4.2
2024-10-10 09:15:08,228 [WARN] PackLoader:240 - Cannot read IP mode file for Infineon.AIROC-Wi-Fi-Bluetooth-STM32.1.6.1
2024-10-10 09:15:08,248 [WARN] PackLoader:240 - Cannot read IP mode file for wolfSSL.I-CUBE-wolfSSH.1.4.17
2024-10-10 09:15:08,250 [INFO] ThirdParty:978 - Integrity check success = true
2024-10-10 09:15:08,250 [INFO] IntegrityCheckThread:100 - exiting critical section [integrity check]
2024-10-10 09:15:08,250 [INFO] IntegrityCheckThread:103 - End integrity checks thread
2024-10-10 09:15:09,203 [INFO] WebApp:448 - Apply proxy settings
2024-10-10 09:15:09,203 [INFO] WebApp:533 - Chromium requires no authentication
2024-10-10 09:15:09,214 [INFO] WebApp:476 - Direct internet connection detected
2024-10-10 09:15:09,246 [INFO] WebApp:869 - Register for checkConnection events
2024-10-10 09:15:09,247 [INFO] WebApp:448 - Apply proxy settings
2024-10-10 09:15:09,247 [INFO] WebApp:533 - Chromium requires no authentication
2024-10-10 09:15:09,247 [INFO] WebApp:476 - Direct internet connection detected
2024-10-10 09:15:09,425 [INFO] WebApp:220 - Starting web application
2024-10-10 09:15:09,425 [INFO] WebApp:578 - Web application path used /opt/st/stm32cubeide_1.16.1/plugins/com.st.stm32cube.common.mx_6.12.1.202409122256/db/plugins/mcufinder/reactClient1/index.html
2024-10-10 09:15:09,862 [INFO] WebApp:186 - Connection restablished
2024-10-10 11:40:34,425 [INFO] WebApp:189 - Connection lost
2024-10-10 11:42:16,237 [INFO] WebApp:186 - Connection restablished
2024-10-10 11:42:20,064 [INFO] WebApp:189 - Connection lost
2024-10-10 11:42:20,523 [INFO] WebApp:186 - Connection restablished
2024-10-10 19:23:31,604 [INFO] Activator:176 - 


2024-10-10 19:23:31,608 [INFO] Activator:177 - !SESSION log4j initialized
2024-10-10 19:23:46,152 [INFO] LogOutputStream:77 - [STDOUT_REDIRECT] 
2024-10-10 19:23:54,565 [INFO] ApplicationProperties:184 - Using Application install path: /opt/st/stm32cubeide_1.16.1/plugins/com.st.stm32cube.common.mx_6.12.1.202409122256
2024-10-10 19:23:54,606 [INFO] DbMcusXml:78 - Set database path to: /opt/st/stm32cubeide_1.16.1/plugins/com.st.stm32cube.common.mx_6.12.1.202409122256//db//mcu/
2024-10-10 19:23:54,607 [INFO] ApiDb:274 - Set plugin database path to: /opt/st/stm32cubeide_1.16.1/plugins/com.st.stm32cube.common.mx_6.12.1.202409122256//db//plugins/boardmanager/
2024-10-10 19:23:54,607 [WARN] ApiDb:259 - Overriding images path with different value:  => /opt/st/stm32cubeide_1.16.1/plugins/com.st.stm32cube.common.mx_6.12.1.202409122256//db//plugins/mcufinder/images/
2024-10-10 19:23:54,617 [INFO] ApiDb:250 - Set database path to: /home/lenovo/.stmcufinder/plugins/mcufinder//mcu/
2024-10-10 19:23:54,619 [INFO] DbMcusAds:125 - Set database path to: /home/lenovo/.stmcufinder/plugins/mcufinder//mcu/
2024-10-10 19:23:54,624 [INFO] CrossReferenceDbSqlite:203 - Set database path to: /home/lenovo/.stmcufinder/plugins/mcufinder//mcu/cs/
2024-10-10 19:23:54,866 [INFO] RulesReader:64 - Compatibility file has been processed (297 Rules)
2024-10-10 19:23:54,991 [INFO] DbMcusXml:78 - Set database path to: /opt/st/stm32cubeide_1.16.1/plugins/com.st.stm32cube.common.mx_6.12.1.202409122256//db//mcu/
2024-10-10 19:23:54,992 [INFO] ApiDb:274 - Set plugin database path to: /opt/st/stm32cubeide_1.16.1/plugins/com.st.stm32cube.common.mx_6.12.1.202409122256//db//plugins/boardmanager/
2024-10-10 19:23:54,992 [INFO] ApiDb:261 - Set plugin images path to: /opt/st/stm32cubeide_1.16.1/plugins/com.st.stm32cube.common.mx_6.12.1.202409122256//db//plugins/mcufinder/images/
2024-10-10 19:23:54,993 [WARN] DbFile:41 - Overriding database path with different value: /home/lenovo/.stmcufinder/plugins/mcufinder/ => /home/lenovo/.stmcufinder/plugins/mcufinder
2024-10-10 19:23:54,993 [INFO] ApiDb:250 - Set database path to: /home/lenovo/.stmcufinder/plugins/mcufinder//mcu/
2024-10-10 19:23:54,994 [WARN] DbFile:41 - Overriding database path with different value: /home/lenovo/.stmcufinder/plugins/mcufinder/ => /home/lenovo/.stmcufinder/plugins/mcufinder
2024-10-10 19:23:54,994 [INFO] DbMcusAds:125 - Set database path to: /home/lenovo/.stmcufinder/plugins/mcufinder//mcu/
2024-10-10 19:23:54,994 [WARN] DbFile:41 - Overriding database path with different value: /home/lenovo/.stmcufinder/plugins/mcufinder/ => /home/lenovo/.stmcufinder/plugins/mcufinder
2024-10-10 19:23:54,994 [WARN] DbFile:41 - Overriding database path with different value: /home/lenovo/.stmcufinder/plugins/mcufinder/ => /home/lenovo/.stmcufinder/plugins/mcufinder
2024-10-10 19:23:54,995 [INFO] CrossReferenceDbSqlite:203 - Set database path to: /home/lenovo/.stmcufinder/plugins/mcufinder//mcu/cs/
2024-10-10 19:23:55,195 [INFO] MainPanel:268 - HeapMemory: 268435456
2024-10-10 19:23:55,502 [INFO] DbMcusXml:78 - Set database path to: /opt/st/stm32cubeide_1.16.1/plugins/com.st.stm32cube.common.mx_6.12.1.202409122256//db//mcu/
2024-10-10 19:23:55,502 [INFO] ApiDb:274 - Set plugin database path to: /opt/st/stm32cubeide_1.16.1/plugins/com.st.stm32cube.common.mx_6.12.1.202409122256//db//plugins/boardmanager/
2024-10-10 19:23:55,502 [INFO] ApiDb:261 - Set plugin images path to: /opt/st/stm32cubeide_1.16.1/plugins/com.st.stm32cube.common.mx_6.12.1.202409122256//db//plugins/mcufinder/images/
2024-10-10 19:23:55,503 [WARN] DbFile:41 - Overriding database path with different value: /home/lenovo/.stmcufinder/plugins/mcufinder/ => /home/lenovo/.stmcufinder/plugins/mcufinder
2024-10-10 19:23:55,503 [INFO] ApiDb:250 - Set database path to: /home/lenovo/.stmcufinder/plugins/mcufinder//mcu/
2024-10-10 19:23:55,504 [WARN] DbFile:41 - Overriding database path with different value: /home/lenovo/.stmcufinder/plugins/mcufinder/ => /home/lenovo/.stmcufinder/plugins/mcufinder
2024-10-10 19:23:55,504 [INFO] DbMcusAds:125 - Set database path to: /home/lenovo/.stmcufinder/plugins/mcufinder//mcu/
2024-10-10 19:23:55,504 [WARN] DbFile:41 - Overriding database path with different value: /home/lenovo/.stmcufinder/plugins/mcufinder/ => /home/lenovo/.stmcufinder/plugins/mcufinder
2024-10-10 19:23:55,504 [WARN] DbFile:41 - Overriding database path with different value: /home/lenovo/.stmcufinder/plugins/mcufinder/ => /home/lenovo/.stmcufinder/plugins/mcufinder
2024-10-10 19:23:55,505 [INFO] CrossReferenceDbSqlite:203 - Set database path to: /home/lenovo/.stmcufinder/plugins/mcufinder//mcu/cs/
2024-10-10 19:23:55,542 [INFO] ApplicationProperties:184 - Using Application install path: /opt/st/stm32cubeide_1.16.1/plugins/com.st.stm32cube.common.mx_6.12.1.202409122256
2024-10-10 19:23:55,546 [INFO] PluginManage:196 - Search for loadable plugins [exclusion list=, ]
2024-10-10 19:23:55,549 [INFO] PluginManage:310 - Check plugin analytics
2024-10-10 19:24:02,574 [INFO] AnalyticsPlugin:253 - Accepted Software Licenses: 
2024-10-10 19:24:02,575 [INFO] AnalyticsPlugin:255 - Accepted CMSIS Pack Licenses: 
2024-10-10 19:24:02,575 [INFO] AnalyticsPlugin:257 - Accepted Firmware Licenses: 
2024-10-10 19:24:02,585 [INFO] PluginManage:359 - Loaded plugin analytics (category:tool,tabindex:-1)
2024-10-10 19:24:02,585 [INFO] PluginManage:310 - Check plugin cadmodel
2024-10-10 19:24:02,598 [INFO] CADModel:105 - Init CAD model plugin
2024-10-10 19:24:02,599 [INFO] PluginManage:359 - Loaded plugin cadmodel (category:power,tabindex:5)
2024-10-10 19:24:02,600 [INFO] PluginManage:310 - Check plugin clock
2024-10-10 19:24:02,621 [INFO] PluginManage:359 - Loaded plugin clock (category:base,tabindex:2)
2024-10-10 19:24:02,622 [INFO] PluginManage:310 - Check plugin ddr
2024-10-10 19:24:02,628 [INFO] PluginManage:359 - Loaded plugin ddr (category:tool,tabindex:6)
2024-10-10 19:24:02,629 [INFO] PluginManage:310 - Check plugin filemanager
2024-10-10 19:24:03,075 [INFO] PluginManage:359 - Loaded plugin filemanager (category:base,tabindex:10)
2024-10-10 19:24:03,075 [INFO] PluginManage:310 - Check plugin ipmanager
2024-10-10 19:24:03,096 [INFO] PluginManage:359 - Loaded plugin ipmanager (category:base,tabindex:5)
2024-10-10 19:24:03,099 [INFO] PluginManage:310 - Check plugin lpbam
2024-10-10 19:24:03,134 [INFO] PluginManage:359 - Loaded plugin lpbam (category:base,tabindex:0)
2024-10-10 19:24:03,134 [INFO] PluginManage:310 - Check plugin memorymap
2024-10-10 19:24:03,164 [INFO] PluginManage:359 - Loaded plugin memorymap (category:base,tabindex:4)
2024-10-10 19:24:03,165 [INFO] PluginManage:310 - Check plugin pinoutandconfiguration
2024-10-10 19:24:03,185 [INFO] PluginManage:359 - Loaded plugin pinoutandconfiguration (category:base,tabindex:1)
2024-10-10 19:24:03,186 [INFO] PluginManage:310 - Check plugin pinoutconfig
2024-10-10 19:24:03,389 [WARN] SupportedApi:132 - Cannot load RTOS API schema: s4s-elt-must-match.1: The content of 'definitions' must match (annotation?, (simpleType | complexType)?, (unique | key | keyref)*)). A problem was found starting at: attribute.
2024-10-10 19:24:03,648 [INFO] PluginManage:359 - Loaded plugin pinoutconfig (category:base,tabindex:0)
2024-10-10 19:24:03,649 [INFO] PluginManage:310 - Check plugin power
2024-10-10 19:24:03,668 [INFO] PluginManage:359 - Loaded plugin power (category:power,tabindex:4)
2024-10-10 19:24:03,669 [INFO] PluginManage:310 - Check plugin projectmanager
2024-10-10 19:24:03,704 [INFO] PluginManage:359 - Loaded plugin projectmanager (category:projectmanager,tabindex:4)
2024-10-10 19:24:03,704 [INFO] PluginManage:310 - Check plugin rif
2024-10-10 19:24:03,719 [INFO] PluginManage:359 - Loaded plugin rif (category:base,tabindex:3)
2024-10-10 19:24:03,720 [INFO] PluginManage:310 - Check plugin thirdparty
2024-10-10 19:24:04,061 [INFO] PluginManage:359 - Loaded plugin thirdparty (category:base,tabindex:-1)
2024-10-10 19:24:04,062 [INFO] PluginManage:310 - Check plugin tools
2024-10-10 19:24:04,063 [WARN] IntegrityCheckThread:84 - waiting for thirdparty lock release [integrity check]
2024-10-10 19:24:04,064 [INFO] IntegrityCheckThread:86 - entering critical section [integrity check]
2024-10-10 19:24:04,064 [INFO] ThirdPartyUpdaterWithRetryManager:70 - Updater plugin not ready yet. [1/15]
2024-10-10 19:24:04,068 [INFO] PluginManage:359 - Loaded plugin tools (category:base,tabindex:7)
2024-10-10 19:24:04,069 [INFO] PluginManage:310 - Check plugin tutovideos
2024-10-10 19:24:04,460 [INFO] PluginManage:359 - Loaded plugin tutovideos (category:base,tabindex:-1)
2024-10-10 19:24:04,460 [INFO] PluginManage:310 - Check plugin updater
2024-10-10 19:24:04,503 [INFO] PluginManage:359 - Loaded plugin updater (category:base,tabindex:12)
2024-10-10 19:24:04,503 [INFO] PluginManage:310 - Check plugin userauth
2024-10-10 19:24:04,516 [INFO] UserAuth:113 - Init User Auth plugin
2024-10-10 19:24:04,517 [INFO] PluginManage:359 - Loaded plugin userauth (category:base,tabindex:14)
2024-10-10 19:24:04,518 [INFO] PluginManage:283 - PluginManage : Loaded plugins [18]
2024-10-10 19:24:04,921 [INFO] PinOutPanel:1561 - setPackage(No Configuration,No Configuration)
2024-10-10 19:24:05,173 [INFO] CADModel:165 - CPN selected for project level
2024-10-10 19:24:05,174 [INFO] CADModel:114 - Register for checkConnection events
2024-10-10 19:24:05,202 [INFO] IPUIPlugin:80 - create IPUIPlugin
2024-10-10 19:24:05,203 [INFO] PluginManager:220 - loadIPPluginJar : add dma3
2024-10-10 19:24:05,216 [INFO] IPUIPlugin:80 - create IPUIPlugin
2024-10-10 19:24:05,216 [INFO] PluginManager:220 - loadIPPluginJar : add gpio
2024-10-10 19:24:05,220 [INFO] IPUIPlugin:80 - create IPUIPlugin
2024-10-10 19:24:05,220 [INFO] PluginManager:220 - loadIPPluginJar : add quadspi
2024-10-10 19:24:05,259 [INFO] IPUIPlugin:80 - create IPUIPlugin
2024-10-10 19:24:05,260 [INFO] PluginManager:220 - loadIPPluginJar : add stm32_wpan
2024-10-10 19:24:05,264 [INFO] IPUIPlugin:80 - create IPUIPlugin
2024-10-10 19:24:05,265 [INFO] PluginManager:220 - loadIPPluginJar : add radio
2024-10-10 19:24:05,270 [INFO] IPUIPlugin:80 - create IPUIPlugin
2024-10-10 19:24:05,271 [INFO] PluginManager:220 - loadIPPluginJar : add i3c
2024-10-10 19:24:05,285 [INFO] IPUIPlugin:80 - create IPUIPlugin
2024-10-10 19:24:05,286 [INFO] PluginManager:220 - loadIPPluginJar : add touchsensing
2024-10-10 19:24:05,310 [INFO] IPUIPlugin:80 - create IPUIPlugin
2024-10-10 19:24:05,310 [INFO] PluginManager:220 - loadIPPluginJar : add aes
2024-10-10 19:24:05,325 [INFO] IPUIPlugin:80 - create IPUIPlugin
2024-10-10 19:24:05,325 [INFO] PluginManager:220 - loadIPPluginJar : add ucpd
2024-10-10 19:24:05,341 [INFO] IPUIPlugin:80 - create IPUIPlugin
2024-10-10 19:24:05,342 [INFO] PluginManager:220 - loadIPPluginJar : add gic
2024-10-10 19:24:05,358 [INFO] IPUIPlugin:80 - create IPUIPlugin
2024-10-10 19:24:05,359 [INFO] PluginManager:220 - loadIPPluginJar : add adc
2024-10-10 19:24:05,368 [INFO] IPUIPlugin:80 - create IPUIPlugin
2024-10-10 19:24:05,368 [INFO] PluginManager:220 - loadIPPluginJar : add pdm2pcm
2024-10-10 19:24:05,376 [INFO] IPUIPlugin:80 - create IPUIPlugin
2024-10-10 19:24:05,378 [INFO] PluginManager:220 - loadIPPluginJar : add openamp
2024-10-10 19:24:05,380 [INFO] IPUIPlugin:80 - create IPUIPlugin
2024-10-10 19:24:05,381 [INFO] PluginManager:220 - loadIPPluginJar : add ltdc
2024-10-10 19:24:05,392 [INFO] IPUIPlugin:80 - create IPUIPlugin
2024-10-10 19:24:05,392 [INFO] PluginManager:220 - loadIPPluginJar : add fmc
2024-10-10 19:24:05,398 [INFO] IPUIPlugin:80 - create IPUIPlugin
2024-10-10 19:24:05,398 [INFO] PluginManager:220 - loadIPPluginJar : add tracer_emb
2024-10-10 19:24:05,403 [INFO] IPUIPlugin:80 - create IPUIPlugin
2024-10-10 19:24:05,403 [INFO] PluginManager:220 - loadIPPluginJar : add spi
2024-10-10 19:24:05,420 [INFO] IPUIPlugin:80 - create IPUIPlugin
2024-10-10 19:24:05,420 [INFO] PluginManager:220 - loadIPPluginJar : add nvic
2024-10-10 19:24:05,425 [INFO] IPUIPlugin:80 - create IPUIPlugin
2024-10-10 19:24:05,425 [INFO] PluginManager:220 - loadIPPluginJar : add genericplugin
2024-10-10 19:24:05,429 [INFO] IPUIPlugin:80 - create IPUIPlugin
2024-10-10 19:24:05,430 [INFO] PluginManager:220 - loadIPPluginJar : add comp
2024-10-10 19:24:05,434 [INFO] IPUIPlugin:80 - create IPUIPlugin
2024-10-10 19:24:05,434 [INFO] PluginManager:220 - loadIPPluginJar : add hash
2024-10-10 19:24:05,449 [INFO] IPUIPlugin:80 - create IPUIPlugin
2024-10-10 19:24:05,450 [INFO] PluginManager:220 - loadIPPluginJar : add mdma
2024-10-10 19:24:05,457 [INFO] IPUIPlugin:80 - create IPUIPlugin
2024-10-10 19:24:05,457 [INFO] PluginManager:220 - loadIPPluginJar : add usart
2024-10-10 19:24:05,461 [INFO] IPUIPlugin:80 - create IPUIPlugin
2024-10-10 19:24:05,461 [INFO] PluginManager:220 - loadIPPluginJar : add tim
2024-10-10 19:24:05,475 [INFO] IPUIPlugin:80 - create IPUIPlugin
2024-10-10 19:24:05,475 [INFO] PluginManager:220 - loadIPPluginJar : add dma
2024-10-10 19:24:05,480 [INFO] IPUIPlugin:80 - create IPUIPlugin
2024-10-10 19:24:05,480 [INFO] PluginManager:220 - loadIPPluginJar : add gfxmmu
2024-10-10 19:24:05,487 [INFO] IPUIPlugin:80 - create IPUIPlugin
2024-10-10 19:24:05,488 [INFO] PluginManager:220 - loadIPPluginJar : add ipddr
2024-10-10 19:24:05,493 [INFO] IPUIPlugin:80 - create IPUIPlugin
2024-10-10 19:24:05,494 [INFO] PluginManager:220 - loadIPPluginJar : add extmemmanager
2024-10-10 19:24:05,500 [INFO] IPUIPlugin:80 - create IPUIPlugin
2024-10-10 19:24:05,500 [INFO] PluginManager:220 - loadIPPluginJar : add can
2024-10-10 19:24:05,507 [INFO] IPUIPlugin:80 - create IPUIPlugin
2024-10-10 19:24:05,507 [INFO] PluginManager:220 - loadIPPluginJar : add resmgrutility
2024-10-10 19:24:05,514 [INFO] IPUIPlugin:80 - create IPUIPlugin
2024-10-10 19:24:05,514 [INFO] PluginManager:220 - loadIPPluginJar : add lorawan
2024-10-10 19:24:05,532 [INFO] IPUIPlugin:80 - create IPUIPlugin
2024-10-10 19:24:05,532 [INFO] PluginManager:220 - loadIPPluginJar : add linkedlist
2024-10-10 19:24:05,548 [INFO] IPUIPlugin:80 - create IPUIPlugin
2024-10-10 19:24:05,548 [INFO] PluginManager:220 - loadIPPluginJar : add freertos
2024-10-10 19:24:05,553 [INFO] IPUIPlugin:80 - create IPUIPlugin
2024-10-10 19:24:05,554 [INFO] PluginManager:220 - loadIPPluginJar : add tsc
2024-10-10 19:24:05,561 [INFO] IPUIPlugin:80 - create IPUIPlugin
2024-10-10 19:24:05,562 [INFO] PluginManager:220 - loadIPPluginJar : add i2s
2024-10-10 19:24:05,570 [INFO] IPUIPlugin:80 - create IPUIPlugin
2024-10-10 19:24:05,571 [INFO] PluginManager:220 - loadIPPluginJar : add usbx
2024-10-10 19:24:05,581 [INFO] IPUIPlugin:80 - create IPUIPlugin
2024-10-10 19:24:05,581 [INFO] PluginManager:220 - loadIPPluginJar : add gtzc
2024-10-10 19:24:05,607 [INFO] IPUIPlugin:80 - create IPUIPlugin
2024-10-10 19:24:05,619 [INFO] PluginManager:220 - loadIPPluginJar : add plateformsettings
2024-10-10 19:24:05,629 [INFO] IPUIPlugin:80 - create IPUIPlugin
2024-10-10 19:24:05,629 [INFO] PluginManager:220 - loadIPPluginJar : add fatfs
2024-10-10 19:24:05,639 [INFO] IPUIPlugin:80 - create IPUIPlugin
2024-10-10 19:24:05,639 [INFO] PluginManager:220 - loadIPPluginJar : add cryp
2024-10-10 19:24:05,650 [INFO] IPUIPlugin:80 - create IPUIPlugin
2024-10-10 19:24:05,654 [INFO] PluginManager:220 - loadIPPluginJar : add sai
2024-10-10 19:24:05,659 [INFO] IPUIPlugin:80 - create IPUIPlugin
2024-10-10 19:24:05,659 [INFO] PluginManager:220 - loadIPPluginJar : add i2c
2024-10-10 19:24:05,665 [INFO] IPUIPlugin:80 - create IPUIPlugin
2024-10-10 19:24:05,665 [INFO] PluginManager:220 - loadIPPluginJar : add dfsdm
2024-10-10 19:24:05,672 [INFO] IPUIPlugin:80 - create IPUIPlugin
2024-10-10 19:24:05,672 [INFO] PluginManager:220 - loadIPPluginJar : add opamp
2024-10-10 19:24:05,680 [INFO] IPUIPlugin:80 - create IPUIPlugin
2024-10-10 19:24:05,680 [INFO] PluginManager:220 - loadIPPluginJar : add ddr_ctrl_phy
2024-10-10 19:24:05,684 [INFO] IPUIPlugin:80 - create IPUIPlugin
2024-10-10 19:24:05,685 [INFO] PluginManager:220 - loadIPPluginJar : add ts
2024-10-10 19:24:05,892 [INFO] CADModel:165 - CPN selected for project level
2024-10-10 19:24:05,893 [INFO] CADModel:114 - Register for checkConnection events
2024-10-10 19:24:05,893 [FATAL] Updater:334 - Updater called before beeing initialized
2024-10-10 19:24:05,894 [ERROR] CADModel:125 - Updater not yet initialized, retry later 
2024-10-10 19:24:06,145 [INFO] CADModel:165 - CPN selected for project level
2024-10-10 19:24:06,145 [INFO] CADModel:114 - Register for checkConnection events
2024-10-10 19:24:06,145 [FATAL] Updater:334 - Updater called before beeing initialized
2024-10-10 19:24:06,145 [ERROR] CADModel:125 - Updater not yet initialized, retry later 
2024-10-10 19:24:06,162 [FATAL] Updater:334 - Updater called before beeing initialized
2024-10-10 19:24:06,408 [FATAL] Updater:334 - Updater called before beeing initialized
2024-10-10 19:24:06,419 [INFO] DbMcusAds:53 - JSON generation date=Fri Sep 20 18:34:23 IST 2024 (1726837463113)
2024-10-10 19:24:06,420 [FATAL] Updater:334 - Updater called before beeing initialized
2024-10-10 19:24:06,579 [WARN] DetailPanel:346 - Failed to get advertising image, set to default
2024-10-10 19:24:06,746 [FATAL] Updater:334 - Updater called before beeing initialized
2024-10-10 19:24:06,748 [FATAL] Updater:334 - Updater called before beeing initialized
2024-10-10 19:24:06,749 [FATAL] Updater:334 - Updater called before beeing initialized
2024-10-10 19:24:06,749 [WARN] DetailPanel:346 - Failed to get advertising image, set to default
2024-10-10 19:24:06,751 [FATAL] Updater:334 - Updater called before beeing initialized
2024-10-10 19:24:06,845 [ERROR] Updater:1164 - MainUpdater not yet initialized. External WinMGr cannot be set.
2024-10-10 19:24:06,852 [INFO] Updater:1100 - Updater Version found : 6.12.1
2024-10-10 19:24:06,895 [INFO] ApplicationProperties:184 - Using Application install path: /opt/st/stm32cubeide_1.16.1/plugins/com.st.stm32cube.common.mx_6.12.1.202409122256
2024-10-10 19:24:07,067 [INFO] ThirdPartyUpdaterWithRetryManager:70 - Updater plugin not ready yet. [2/15]
2024-10-10 19:24:07,751 [INFO] MainUpdater:2873 - connection check result : 10
2024-10-10 19:24:07,753 [INFO] MainUpdater:290 - Updater Check For Update Now.
2024-10-10 19:24:07,754 [INFO] MicroXplorer:498 - Change Database Version : DB.6.0.121
2024-10-10 19:24:07,783 [INFO] McuFinderGlobals:63 - Set McuFinder mode to 2 (CubeIDE integrated)
2024-10-10 19:24:07,783 [INFO] UserAuth:179 - activating auth plugin
2024-10-10 19:24:07,805 [INFO] UserAuth:417 - Internet connection configuration mode: 1
2024-10-10 19:24:07,933 [INFO] JxBrowserEngine:152 - Initiate JxBrowser Engine with user profile folder
2024-10-10 19:24:08,235 [INFO] CheckServerUpdateThread:120 - End of CheckServer Thread
2024-10-10 19:24:10,091 [INFO] WebApp:167 - Instantiating new browser for Auth
2024-10-10 19:24:10,788 [WARN] PackLoader:240 - Cannot read IP mode file for STMicroelectronics.FP-SNS-MOTENVWB1.1.4.0
2024-10-10 19:24:10,828 [WARN] PackLoader:240 - Cannot read IP mode file for STMicroelectronics.X-CUBE-SMBUS.2.1.0
2024-10-10 19:24:10,868 [WARN] PackLoader:240 - Cannot read IP mode file for STMicroelectronics.X-CUBE-WB05N.1.1.0
2024-10-10 19:24:11,065 [WARN] PackLoader:240 - Cannot read IP mode file for STMicroelectronics.X-CUBE-AZRTOS-F7.1.1.0
2024-10-10 19:24:11,520 [WARN] PackLoader:240 - Cannot read IP mode file for STMicroelectronics.X-CUBE-MEMS1.11.0.0
2024-10-10 19:24:12,335 [WARN] PackLoader:240 - Cannot read IP mode file for STMicroelectronics.FP-SNS-FLIGHT1.5.0.2
2024-10-10 19:24:12,373 [WARN] PackLoader:240 - Cannot read IP mode file for STMicroelectronics.X-CUBE-DISPLAY.3.0.0
2024-10-10 19:24:12,429 [WARN] PackLoader:240 - Cannot read IP mode file for STMicroelectronics.X-CUBE-BLE1.7.0.0
2024-10-10 19:24:12,456 [WARN] PackLoader:240 - Cannot read IP mode file for STMicroelectronics.X-CUBE-NFC10.1.0.0
2024-10-10 19:24:12,496 [WARN] PackLoader:240 - Cannot read IP mode file for emotas.I-CUBE-CANOPEN.1.3.0
2024-10-10 19:24:12,547 [WARN] PackLoader:240 - Cannot read IP mode file for STMicroelectronics.X-CUBE-BLEMGR.3.1.0
2024-10-10 19:24:12,576 [WARN] PackLoader:240 - Cannot read IP mode file for STMicroelectronics.FP-SNS-SMARTAG2.1.2.0
2024-10-10 19:24:12,619 [INFO] LogOutputStream:77 - [STDOUT_REDIRECT] 1 : Invalid condition id : UX_CORESTACK_Condition cause : null
2024-10-10 19:24:12,620 [INFO] LogOutputStream:77 - [STDOUT_REDIRECT] 1 : Invalid condition id : UX_CORESTACK_Condition cause : null
2024-10-10 19:24:12,621 [INFO] LogOutputStream:77 - [STDOUT_REDIRECT] 1 : Invalid condition id : UX_CORESTACK_Condition cause : null
2024-10-10 19:24:12,621 [INFO] LogOutputStream:77 - [STDOUT_REDIRECT] 1 : Invalid condition id : UX_CORESTACK_Condition cause : null
2024-10-10 19:24:12,623 [INFO] LogOutputStream:77 - [STDOUT_REDIRECT] 1 : Invalid condition id : UX_CORESTACK_Condition cause : null
2024-10-10 19:24:12,641 [WARN] PackLoader:240 - Cannot read IP mode file for STMicroelectronics.X-CUBE-AZRTOS-WL.2.0.0
2024-10-10 19:24:12,671 [WARN] PackLoader:240 - Cannot read IP mode file for STMicroelectronics.FP-SNS-MOTENV1.5.0.0
2024-10-10 19:24:12,695 [WARN] PackLoader:240 - Cannot read IP mode file for wolfSSL.I-CUBE-wolfMQTT.1.19.0
2024-10-10 19:24:12,730 [WARN] PackLoader:240 - Cannot read IP mode file for WES.I-CUBE-Cesium.1.3.0
2024-10-10 19:24:12,751 [WARN] PackLoader:240 - Cannot read IP mode file for STMicroelectronics.X-CUBE-BLE2.3.3.0
2024-10-10 19:24:12,791 [WARN] PackLoader:240 - Cannot read IP mode file for STMicroelectronics.X-CUBE-NFC9.1.0.0
2024-10-10 19:24:12,823 [WARN] PackLoader:240 - Cannot read IP mode file for STMicroelectronics.X-CUBE-TCPP.4.1.0
2024-10-10 19:24:12,893 [WARN] PackLoader:240 - Cannot read IP mode file for STMicroelectronics.X-CUBE-AZRTOS-G0.1.1.0
2024-10-10 19:24:12,922 [WARN] PackLoader:240 - Cannot read IP mode file for STMicroelectronics.X-CUBE-SAFEA1.1.2.2
2024-10-10 19:24:12,949 [WARN] PackLoader:240 - Cannot read IP mode file for STMicroelectronics.X-CUBE-NFC4.3.0.0
2024-10-10 19:24:13,002 [WARN] PackLoader:240 - Cannot read IP mode file for EmbeddedOffice.I-CUBE-FS-RTOS.1.0.1
2024-10-10 19:24:13,009 [ERROR] ConditionMgr:805 - Attr not supported : Dmpu
2024-10-10 19:24:13,010 [ERROR] ConditionMgr:805 - Attr not supported : Dmpu
2024-10-10 19:24:13,010 [ERROR] ConditionMgr:805 - Attr not supported : Dmpu
2024-10-10 19:24:13,011 [ERROR] ConditionMgr:805 - Attr not supported : Dmpu
2024-10-10 19:24:13,011 [ERROR] ConditionMgr:805 - Attr not supported : Dmpu
2024-10-10 19:24:13,011 [ERROR] ConditionMgr:805 - Attr not supported : Dmpu
2024-10-10 19:24:13,011 [ERROR] ConditionMgr:805 - Attr not supported : Dmpu
2024-10-10 19:24:13,011 [ERROR] ConditionMgr:805 - Attr not supported : Dmpu
2024-10-10 19:24:13,012 [ERROR] ConditionMgr:805 - Attr not supported : Dmpu
2024-10-10 19:24:13,012 [ERROR] ConditionMgr:805 - Attr not supported : Dmpu
2024-10-10 19:24:13,012 [ERROR] ConditionMgr:805 - Attr not supported : Dmpu
2024-10-10 19:24:13,012 [ERROR] ConditionMgr:805 - Attr not supported : Dmpu
2024-10-10 19:24:13,019 [ERROR] ConditionMgr:805 - Attr not supported : Dmpu
2024-10-10 19:24:13,019 [ERROR] ConditionMgr:805 - Attr not supported : Dmpu
2024-10-10 19:24:13,019 [ERROR] ConditionMgr:805 - Attr not supported : Dmpu
2024-10-10 19:24:13,020 [ERROR] ConditionMgr:805 - Attr not supported : Dmpu
2024-10-10 19:24:13,020 [ERROR] ConditionMgr:805 - Attr not supported : Dmpu
2024-10-10 19:24:13,020 [ERROR] ConditionMgr:805 - Attr not supported : Dmpu
2024-10-10 19:24:13,020 [ERROR] ConditionMgr:805 - Attr not supported : Dmpu
2024-10-10 19:24:13,020 [ERROR] ConditionMgr:805 - Attr not supported : Dmpu
2024-10-10 19:24:13,021 [ERROR] ConditionMgr:805 - Attr not supported : Dmpu
2024-10-10 19:24:13,021 [ERROR] ConditionMgr:805 - Attr not supported : Dmpu
2024-10-10 19:24:13,021 [ERROR] ConditionMgr:805 - Attr not supported : Dmpu
2024-10-10 19:24:13,021 [ERROR] ConditionMgr:805 - Attr not supported : Dmpu
2024-10-10 19:24:13,021 [ERROR] ConditionMgr:805 - Attr not supported : Dmpu
2024-10-10 19:24:13,026 [ERROR] ConditionMgr:805 - Attr not supported : Dmpu
2024-10-10 19:24:13,027 [ERROR] ConditionMgr:805 - Attr not supported : Dmpu
2024-10-10 19:24:13,027 [ERROR] ConditionMgr:805 - Attr not supported : Dmpu
2024-10-10 19:24:13,027 [ERROR] ConditionMgr:805 - Attr not supported : Dmpu
2024-10-10 19:24:13,028 [ERROR] ConditionMgr:805 - Attr not supported : Dmpu
2024-10-10 19:24:13,028 [ERROR] ConditionMgr:805 - Attr not supported : Dmpu
2024-10-10 19:24:13,028 [ERROR] ConditionMgr:805 - Attr not supported : Dmpu
2024-10-10 19:24:13,034 [ERROR] ConditionMgr:805 - Attr not supported : Dmpu
2024-10-10 19:24:13,038 [ERROR] ConditionMgr:805 - Attr not supported : Dmpu
2024-10-10 19:24:13,038 [ERROR] ConditionMgr:805 - Attr not supported : Dmpu
2024-10-10 19:24:13,038 [ERROR] ConditionMgr:805 - Attr not supported : Dmpu
2024-10-10 19:24:13,038 [ERROR] ConditionMgr:805 - Attr not supported : Dmpu
2024-10-10 19:24:13,039 [ERROR] ConditionMgr:805 - Attr not supported : Dmpu
2024-10-10 19:24:13,039 [ERROR] ConditionMgr:805 - Attr not supported : Dmpu
2024-10-10 19:24:13,039 [ERROR] ConditionMgr:805 - Attr not supported : Dmpu
2024-10-10 19:24:13,039 [ERROR] ConditionMgr:805 - Attr not supported : Dmpu
2024-10-10 19:24:13,040 [ERROR] ConditionMgr:805 - Attr not supported : Dmpu
2024-10-10 19:24:13,040 [ERROR] ConditionMgr:805 - Attr not supported : Dmpu
2024-10-10 19:24:13,040 [ERROR] ConditionMgr:805 - Attr not supported : Dmpu
2024-10-10 19:24:13,041 [ERROR] ConditionMgr:805 - Attr not supported : Dmpu
2024-10-10 19:24:13,041 [ERROR] ConditionMgr:805 - Attr not supported : Dmpu
2024-10-10 19:24:13,041 [ERROR] ConditionMgr:805 - Attr not supported : Dmpu
2024-10-10 19:24:13,041 [ERROR] ConditionMgr:805 - Attr not supported : Dmpu
2024-10-10 19:24:13,042 [ERROR] ConditionMgr:805 - Attr not supported : Dmpu
2024-10-10 19:24:13,042 [ERROR] ConditionMgr:805 - Attr not supported : Dmpu
2024-10-10 19:24:13,042 [ERROR] ConditionMgr:805 - Attr not supported : Dmpu
2024-10-10 19:24:13,042 [ERROR] ConditionMgr:805 - Attr not supported : Dmpu
2024-10-10 19:24:13,043 [ERROR] ConditionMgr:805 - Attr not supported : Dmpu
2024-10-10 19:24:13,043 [ERROR] ConditionMgr:805 - Attr not supported : Dmpu
2024-10-10 19:24:13,043 [ERROR] ConditionMgr:805 - Attr not supported : Dmpu
2024-10-10 19:24:13,043 [ERROR] ConditionMgr:805 - Attr not supported : Dmpu
2024-10-10 19:24:13,044 [ERROR] ConditionMgr:805 - Attr not supported : Dmpu
2024-10-10 19:24:13,049 [ERROR] ConditionMgr:805 - Attr not supported : Dmpu
2024-10-10 19:24:13,049 [ERROR] ConditionMgr:805 - Attr not supported : Dmpu
2024-10-10 19:24:13,049 [ERROR] ConditionMgr:805 - Attr not supported : Dmpu
2024-10-10 19:24:13,050 [ERROR] ConditionMgr:805 - Attr not supported : Dmpu
2024-10-10 19:24:13,050 [ERROR] ConditionMgr:805 - Attr not supported : Dmpu
2024-10-10 19:24:13,050 [ERROR] ConditionMgr:805 - Attr not supported : Dmpu
2024-10-10 19:24:13,050 [ERROR] ConditionMgr:805 - Attr not supported : Dmpu
2024-10-10 19:24:13,080 [WARN] PackLoader:240 - Cannot read IP mode file for RealThread.X-CUBE-RT-Thread_Nano.4.1.1
2024-10-10 19:24:13,101 [WARN] PackLoader:240 - Cannot read IP mode file for STMicroelectronics.FP-ATR-SIGFOX1.3.2.0
2024-10-10 19:24:13,120 [WARN] PackLoader:240 - Cannot read IP mode file for wolfSSL.I-CUBE-wolfSSL.5.7.2
2024-10-10 19:24:13,159 [WARN] PackLoader:240 - Cannot read IP mode file for STMicroelectronics.X-CUBE-EEPRMA1.5.1.0
2024-10-10 19:24:13,178 [WARN] PackLoader:240 - Cannot read IP mode file for ITTIA_DB.I-CUBE-ITTIADB.8.9.0
2024-10-10 19:24:13,328 [WARN] PackLoader:240 - Cannot read IP mode file for SEGGER.I-CUBE-embOS.1.3.1
2024-10-10 19:24:13,643 [WARN] PackLoader:240 - Cannot read IP mode file for STMicroelectronics.X-CUBE-ALGOBUILD.1.4.0
2024-10-10 19:24:13,660 [WARN] PackLoader:240 - Cannot read IP mode file for STMicroelectronics.X-CUBE-AI.9.1.0
2024-10-10 19:24:13,740 [WARN] PackLoader:240 - Cannot read IP mode file for STMicroelectronics.X-CUBE-AZRTOS-F4.1.1.0
2024-10-10 19:24:13,779 [WARN] PackLoader:240 - Cannot read IP mode file for STMicroelectronics.X-CUBE-ISPU.2.1.0
2024-10-10 19:24:13,796 [WARN] PackLoader:240 - Cannot read IP mode file for STMicroelectronics.X-CUBE-FREERTOS.1.2.0
2024-10-10 19:24:13,863 [WARN] PackLoader:240 - Cannot read IP mode file for STMicroelectronics.X-CUBE-AZRTOS-L5.2.0.0
2024-10-10 19:24:13,906 [WARN] PackLoader:240 - Cannot read IP mode file for STMicroelectronics.X-CUBE-NFC6.3.1.0
2024-10-10 19:24:14,039 [WARN] PackLoader:240 - Cannot read IP mode file for STMicroelectronics.X-CUBE-DPower.1.2.0
2024-10-10 19:24:14,126 [WARN] PackLoader:240 - Cannot read IP mode file for STMicroelectronics.X-CUBE-NFC7.1.0.1
2024-10-10 19:24:14,319 [WARN] ConditionMgr:438 - getConditionDescription Invalid condition id : LAN8742 Phy interface Condition cause : null
2024-10-10 19:24:14,320 [WARN] PackLoader:240 - Cannot read IP mode file for STMicroelectronics.X-CUBE-AZRTOS-L4.2.0.0
2024-10-10 19:24:14,324 [WARN] ConditionMgr:1039 - genDependencies : Invalid condition id : LAN8742 Phy interface Condition cause : null
2024-10-10 19:24:14,325 [WARN] ConditionMgr:1039 - genDependencies : Invalid condition id : LAN8742 Phy interface Condition cause : null
2024-10-10 19:24:14,326 [WARN] ConditionMgr:1039 - genDependencies : Invalid condition id : LAN8742 Phy interface Condition cause : null
2024-10-10 19:24:14,429 [WARN] PackLoader:240 - Cannot read IP mode file for STMicroelectronics.X-CUBE-SFXS2LP1.4.0.0
2024-10-10 19:24:14,671 [WARN] PackLoader:240 - Cannot read IP mode file for STMicroelectronics.X-CUBE-AZRTOS-H7.3.3.0
2024-10-10 19:24:14,749 [WARN] PackLoader:240 - Cannot read IP mode file for STMicroelectronics.X-CUBE-IPS.3.0.0
2024-10-10 19:24:14,890 [INFO] WebApp:448 - Apply proxy settings
2024-10-10 19:24:14,891 [INFO] WebApp:533 - Chromium requires no authentication
2024-10-10 19:24:14,912 [WARN] ConditionMgr:438 - getConditionDescription Invalid condition id : UX DEVICE CLASS RTOS Condition cause : null
2024-10-10 19:24:14,913 [WARN] ConditionMgr:438 - getConditionDescription Invalid condition id : UX DEVICE CLASS RTOS Condition cause : null
2024-10-10 19:24:14,922 [WARN] PackLoader:240 - Cannot read IP mode file for STMicroelectronics.X-CUBE-AZRTOS-WB.2.0.0
2024-10-10 19:24:14,924 [WARN] ConditionMgr:1039 - genDependencies : Invalid condition id : UX DEVICE CLASS RTOS Condition cause : null
2024-10-10 19:24:14,940 [WARN] ConditionMgr:1039 - genDependencies : Invalid condition id : UX DEVICE CLASS RTOS Condition cause : null
2024-10-10 19:24:14,943 [WARN] ConditionMgr:1039 - genDependencies : Invalid condition id : UX DEVICE CLASS RTOS Condition cause : null
2024-10-10 19:24:14,944 [WARN] ConditionMgr:1039 - genDependencies : Invalid condition id : UX DEVICE CLASS RTOS Condition cause : null
2024-10-10 19:24:14,944 [WARN] ConditionMgr:1039 - genDependencies : Invalid condition id : UX DEVICE CLASS RTOS Condition cause : null
2024-10-10 19:24:15,032 [WARN] PackLoader:240 - Cannot read IP mode file for STMicroelectronics.X-CUBE-GNSS1.7.0.0
2024-10-10 19:24:15,095 [INFO] WebApp:476 - Direct internet connection detected
2024-10-10 19:24:15,128 [WARN] PackLoader:240 - Cannot read IP mode file for STMicroelectronics.FP-SNS-STBOX1.2.0.0
2024-10-10 19:24:15,202 [INFO] WebApp:869 - Register for checkConnection events
2024-10-10 19:24:15,203 [INFO] WebApp:448 - Apply proxy settings
2024-10-10 19:24:15,203 [INFO] WebApp:533 - Chromium requires no authentication
2024-10-10 19:24:15,205 [INFO] WebApp:476 - Direct internet connection detected
2024-10-10 19:24:15,258 [WARN] PackLoader:240 - Cannot read IP mode file for STMicroelectronics.X-CUBE-SUBG2.5.0.0
2024-10-10 19:24:15,312 [WARN] PackLoader:240 - Cannot read IP mode file for Cesanta.I-CUBE-Mongoose.7.13.0
2024-10-10 19:24:15,472 [WARN] PackLoader:240 - Cannot read IP mode file for STMicroelectronics.X-CUBE-AZRTOS-G4.2.0.0
2024-10-10 19:24:15,537 [WARN] PackLoader:240 - Cannot read IP mode file for STMicroelectronics.X-CUBE-ALS.1.0.2
2024-10-10 19:24:15,704 [WARN] PackLoader:240 - Cannot read IP mode file for STMicroelectronics.X-CUBE-TOUCHGFX.4.24.1
2024-10-10 19:24:15,781 [WARN] PackLoader:240 - Cannot read IP mode file for wolfSSL.I-CUBE-wolfTPM.3.4.0
2024-10-10 19:24:15,887 [WARN] PackLoader:240 - Cannot read IP mode file for portGmbH.I-Cube-SoM-uGOAL.1.1.0
2024-10-10 19:24:16,126 [WARN] PackLoader:240 - Cannot read IP mode file for STMicroelectronics.X-CUBE-AZRTOS-H7RS.1.0.0
2024-10-10 19:24:16,199 [WARN] PackLoader:240 - Cannot read IP mode file for STMicroelectronics.FP-ATR-ASTRA1.2.0.0
2024-10-10 19:24:16,331 [WARN] PackLoader:240 - Cannot read IP mode file for STMicroelectronics.X-CUBE-TOF1.3.4.2
2024-10-10 19:24:16,578 [WARN] PackLoader:240 - Cannot read IP mode file for Infineon.AIROC-Wi-Fi-Bluetooth-STM32.1.6.1
2024-10-10 19:24:16,622 [WARN] PackLoader:240 - Cannot read IP mode file for wolfSSL.I-CUBE-wolfSSH.1.4.17
2024-10-10 19:24:16,630 [INFO] ThirdParty:978 - Integrity check success = true
2024-10-10 19:24:16,630 [INFO] IntegrityCheckThread:100 - exiting critical section [integrity check]
2024-10-10 19:24:16,630 [INFO] IntegrityCheckThread:103 - End integrity checks thread
2024-10-10 19:24:17,109 [INFO] WebApp:220 - Starting web application
2024-10-10 19:24:17,109 [INFO] WebApp:578 - Web application path used /opt/st/stm32cubeide_1.16.1/plugins/com.st.stm32cube.common.mx_6.12.1.202409122256/db/plugins/mcufinder/reactClient1/index.html
2024-10-10 19:24:18,280 [INFO] WebApp:186 - Connection restablished
