2024-10-07 20:58:47,672 [INFO] Activator:176 - 


2024-10-07 20:58:47,675 [INFO] Activator:177 - !SESSION log4j initialized
2024-10-07 20:58:51,228 [INFO] LogOutputStream:77 - [STDOUT_REDIRECT] 
2024-10-07 20:58:55,821 [INFO] ApplicationProperties:184 - Using Application install path: /opt/st/stm32cubeide_1.16.1/plugins/com.st.stm32cube.common.mx_6.12.1.202409122256
2024-10-07 20:58:55,858 [INFO] DbMcusXml:78 - Set database path to: /opt/st/stm32cubeide_1.16.1/plugins/com.st.stm32cube.common.mx_6.12.1.202409122256//db//mcu/
2024-10-07 20:58:55,859 [INFO] ApiDb:274 - Set plugin database path to: /opt/st/stm32cubeide_1.16.1/plugins/com.st.stm32cube.common.mx_6.12.1.202409122256//db//plugins/boardmanager/
2024-10-07 20:58:55,860 [WARN] ApiDb:259 - Overriding images path with different value:  => /opt/st/stm32cubeide_1.16.1/plugins/com.st.stm32cube.common.mx_6.12.1.202409122256//db//plugins/mcufinder/images/
2024-10-07 20:58:55,873 [INFO] ApiDb:250 - Set database path to: /home/lenovo/.stmcufinder/plugins/mcufinder//mcu/
2024-10-07 20:58:55,876 [INFO] DbMcusAds:125 - Set database path to: /home/lenovo/.stmcufinder/plugins/mcufinder//mcu/
2024-10-07 20:58:55,884 [INFO] CrossReferenceDbSqlite:203 - Set database path to: /home/lenovo/.stmcufinder/plugins/mcufinder//mcu/cs/
2024-10-07 20:58:56,189 [INFO] RulesReader:64 - Compatibility file has been processed (297 Rules)
2024-10-07 20:58:56,336 [INFO] DbMcusXml:78 - Set database path to: /opt/st/stm32cubeide_1.16.1/plugins/com.st.stm32cube.common.mx_6.12.1.202409122256//db//mcu/
2024-10-07 20:58:56,336 [INFO] ApiDb:274 - Set plugin database path to: /opt/st/stm32cubeide_1.16.1/plugins/com.st.stm32cube.common.mx_6.12.1.202409122256//db//plugins/boardmanager/
2024-10-07 20:58:56,337 [INFO] ApiDb:261 - Set plugin images path to: /opt/st/stm32cubeide_1.16.1/plugins/com.st.stm32cube.common.mx_6.12.1.202409122256//db//plugins/mcufinder/images/
2024-10-07 20:58:56,337 [WARN] DbFile:41 - Overriding database path with different value: /home/lenovo/.stmcufinder/plugins/mcufinder/ => /home/lenovo/.stmcufinder/plugins/mcufinder
2024-10-07 20:58:56,338 [INFO] ApiDb:250 - Set database path to: /home/lenovo/.stmcufinder/plugins/mcufinder//mcu/
2024-10-07 20:58:56,338 [WARN] DbFile:41 - Overriding database path with different value: /home/lenovo/.stmcufinder/plugins/mcufinder/ => /home/lenovo/.stmcufinder/plugins/mcufinder
2024-10-07 20:58:56,339 [INFO] DbMcusAds:125 - Set database path to: /home/lenovo/.stmcufinder/plugins/mcufinder//mcu/
2024-10-07 20:58:56,339 [WARN] DbFile:41 - Overriding database path with different value: /home/lenovo/.stmcufinder/plugins/mcufinder/ => /home/lenovo/.stmcufinder/plugins/mcufinder
2024-10-07 20:58:56,339 [WARN] DbFile:41 - Overriding database path with different value: /home/lenovo/.stmcufinder/plugins/mcufinder/ => /home/lenovo/.stmcufinder/plugins/mcufinder
2024-10-07 20:58:56,340 [INFO] CrossReferenceDbSqlite:203 - Set database path to: /home/lenovo/.stmcufinder/plugins/mcufinder//mcu/cs/
2024-10-07 20:58:56,497 [INFO] MainPanel:268 - HeapMemory: 268435456
2024-10-07 20:58:56,653 [INFO] DbMcusXml:78 - Set database path to: /opt/st/stm32cubeide_1.16.1/plugins/com.st.stm32cube.common.mx_6.12.1.202409122256//db//mcu/
2024-10-07 20:58:56,654 [INFO] ApiDb:274 - Set plugin database path to: /opt/st/stm32cubeide_1.16.1/plugins/com.st.stm32cube.common.mx_6.12.1.202409122256//db//plugins/boardmanager/
2024-10-07 20:58:56,654 [INFO] ApiDb:261 - Set plugin images path to: /opt/st/stm32cubeide_1.16.1/plugins/com.st.stm32cube.common.mx_6.12.1.202409122256//db//plugins/mcufinder/images/
2024-10-07 20:58:56,654 [WARN] DbFile:41 - Overriding database path with different value: /home/lenovo/.stmcufinder/plugins/mcufinder/ => /home/lenovo/.stmcufinder/plugins/mcufinder
2024-10-07 20:58:56,655 [INFO] ApiDb:250 - Set database path to: /home/lenovo/.stmcufinder/plugins/mcufinder//mcu/
2024-10-07 20:58:56,655 [WARN] DbFile:41 - Overriding database path with different value: /home/lenovo/.stmcufinder/plugins/mcufinder/ => /home/lenovo/.stmcufinder/plugins/mcufinder
2024-10-07 20:58:56,655 [INFO] DbMcusAds:125 - Set database path to: /home/lenovo/.stmcufinder/plugins/mcufinder//mcu/
2024-10-07 20:58:56,655 [WARN] DbFile:41 - Overriding database path with different value: /home/lenovo/.stmcufinder/plugins/mcufinder/ => /home/lenovo/.stmcufinder/plugins/mcufinder
2024-10-07 20:58:56,655 [WARN] DbFile:41 - Overriding database path with different value: /home/lenovo/.stmcufinder/plugins/mcufinder/ => /home/lenovo/.stmcufinder/plugins/mcufinder
2024-10-07 20:58:56,656 [INFO] CrossReferenceDbSqlite:203 - Set database path to: /home/lenovo/.stmcufinder/plugins/mcufinder//mcu/cs/
2024-10-07 20:58:56,678 [INFO] ApplicationProperties:184 - Using Application install path: /opt/st/stm32cubeide_1.16.1/plugins/com.st.stm32cube.common.mx_6.12.1.202409122256
2024-10-07 20:58:56,680 [INFO] PluginManage:196 - Search for loadable plugins [exclusion list=, ]
2024-10-07 20:58:56,688 [INFO] PluginManage:310 - Check plugin analytics
2024-10-07 20:58:56,995 [INFO] AnalyticsPlugin:253 - Accepted Software Licenses: 
2024-10-07 20:58:56,995 [INFO] AnalyticsPlugin:255 - Accepted CMSIS Pack Licenses: 
2024-10-07 20:58:56,996 [INFO] AnalyticsPlugin:257 - Accepted Firmware Licenses: 
2024-10-07 20:58:57,002 [INFO] PluginManage:359 - Loaded plugin analytics (category:tool,tabindex:-1)
2024-10-07 20:58:57,003 [INFO] PluginManage:310 - Check plugin cadmodel
2024-10-07 20:58:57,009 [INFO] CADModel:105 - Init CAD model plugin
2024-10-07 20:58:57,009 [INFO] PluginManage:359 - Loaded plugin cadmodel (category:power,tabindex:5)
2024-10-07 20:58:57,010 [INFO] PluginManage:310 - Check plugin clock
2024-10-07 20:58:57,025 [INFO] PluginManage:359 - Loaded plugin clock (category:base,tabindex:2)
2024-10-07 20:58:57,026 [INFO] PluginManage:310 - Check plugin ddr
2024-10-07 20:58:57,029 [INFO] PluginManage:359 - Loaded plugin ddr (category:tool,tabindex:6)
2024-10-07 20:58:57,030 [INFO] PluginManage:310 - Check plugin filemanager
2024-10-07 20:58:57,309 [INFO] PluginManage:359 - Loaded plugin filemanager (category:base,tabindex:10)
2024-10-07 20:58:57,309 [INFO] PluginManage:310 - Check plugin ipmanager
2024-10-07 20:58:57,318 [INFO] PluginManage:359 - Loaded plugin ipmanager (category:base,tabindex:5)
2024-10-07 20:58:57,319 [INFO] PluginManage:310 - Check plugin lpbam
2024-10-07 20:58:57,332 [INFO] PluginManage:359 - Loaded plugin lpbam (category:base,tabindex:0)
2024-10-07 20:58:57,333 [INFO] PluginManage:310 - Check plugin memorymap
2024-10-07 20:58:57,350 [INFO] PluginManage:359 - Loaded plugin memorymap (category:base,tabindex:4)
2024-10-07 20:58:57,350 [INFO] PluginManage:310 - Check plugin pinoutandconfiguration
2024-10-07 20:58:57,362 [INFO] PluginManage:359 - Loaded plugin pinoutandconfiguration (category:base,tabindex:1)
2024-10-07 20:58:57,362 [INFO] PluginManage:310 - Check plugin pinoutconfig
2024-10-07 20:58:57,508 [WARN] SupportedApi:132 - Cannot load RTOS API schema: s4s-elt-must-match.1: The content of 'definitions' must match (annotation?, (simpleType | complexType)?, (unique | key | keyref)*)). A problem was found starting at: attribute.
2024-10-07 20:58:57,759 [INFO] PluginManage:359 - Loaded plugin pinoutconfig (category:base,tabindex:0)
2024-10-07 20:58:57,760 [INFO] PluginManage:310 - Check plugin power
2024-10-07 20:58:57,773 [INFO] PluginManage:359 - Loaded plugin power (category:power,tabindex:4)
2024-10-07 20:58:57,773 [INFO] PluginManage:310 - Check plugin projectmanager
2024-10-07 20:58:57,803 [INFO] PluginManage:359 - Loaded plugin projectmanager (category:projectmanager,tabindex:4)
2024-10-07 20:58:57,804 [INFO] PluginManage:310 - Check plugin rif
2024-10-07 20:58:57,811 [INFO] PluginManage:359 - Loaded plugin rif (category:base,tabindex:3)
2024-10-07 20:58:57,811 [INFO] PluginManage:310 - Check plugin thirdparty
2024-10-07 20:58:58,030 [WARN] IntegrityCheckThread:84 - waiting for thirdparty lock release [integrity check]
2024-10-07 20:58:58,030 [INFO] PluginManage:359 - Loaded plugin thirdparty (category:base,tabindex:-1)
2024-10-07 20:58:58,030 [INFO] IntegrityCheckThread:86 - entering critical section [integrity check]
2024-10-07 20:58:58,031 [INFO] PluginManage:310 - Check plugin tools
2024-10-07 20:58:58,031 [INFO] ThirdPartyUpdaterWithRetryManager:70 - Updater plugin not ready yet. [1/15]
2024-10-07 20:58:58,035 [INFO] PluginManage:359 - Loaded plugin tools (category:base,tabindex:7)
2024-10-07 20:58:58,035 [INFO] PluginManage:310 - Check plugin tutovideos
2024-10-07 20:58:58,351 [INFO] PluginManage:359 - Loaded plugin tutovideos (category:base,tabindex:-1)
2024-10-07 20:58:58,352 [INFO] PluginManage:310 - Check plugin updater
2024-10-07 20:58:58,385 [INFO] PluginManage:359 - Loaded plugin updater (category:base,tabindex:12)
2024-10-07 20:58:58,385 [INFO] PluginManage:310 - Check plugin userauth
2024-10-07 20:58:58,396 [INFO] UserAuth:113 - Init User Auth plugin
2024-10-07 20:58:58,396 [INFO] PluginManage:359 - Loaded plugin userauth (category:base,tabindex:14)
2024-10-07 20:58:58,398 [INFO] PluginManage:283 - PluginManage : Loaded plugins [18]
2024-10-07 20:58:58,890 [INFO] PinOutPanel:1561 - setPackage(No Configuration,No Configuration)
2024-10-07 20:58:59,055 [INFO] CADModel:165 - CPN selected for project level
2024-10-07 20:58:59,055 [INFO] CADModel:114 - Register for checkConnection events
2024-10-07 20:58:59,079 [INFO] IPUIPlugin:80 - create IPUIPlugin
2024-10-07 20:58:59,080 [INFO] PluginManager:220 - loadIPPluginJar : add dma3
2024-10-07 20:58:59,087 [INFO] IPUIPlugin:80 - create IPUIPlugin
2024-10-07 20:58:59,088 [INFO] PluginManager:220 - loadIPPluginJar : add gpio
2024-10-07 20:58:59,091 [INFO] IPUIPlugin:80 - create IPUIPlugin
2024-10-07 20:58:59,091 [INFO] PluginManager:220 - loadIPPluginJar : add quadspi
2024-10-07 20:58:59,107 [INFO] IPUIPlugin:80 - create IPUIPlugin
2024-10-07 20:58:59,107 [INFO] PluginManager:220 - loadIPPluginJar : add stm32_wpan
2024-10-07 20:58:59,111 [INFO] IPUIPlugin:80 - create IPUIPlugin
2024-10-07 20:58:59,112 [INFO] PluginManager:220 - loadIPPluginJar : add radio
2024-10-07 20:58:59,116 [INFO] IPUIPlugin:80 - create IPUIPlugin
2024-10-07 20:58:59,117 [INFO] PluginManager:220 - loadIPPluginJar : add i3c
2024-10-07 20:58:59,122 [INFO] IPUIPlugin:80 - create IPUIPlugin
2024-10-07 20:58:59,122 [INFO] PluginManager:220 - loadIPPluginJar : add touchsensing
2024-10-07 20:58:59,127 [INFO] IPUIPlugin:80 - create IPUIPlugin
2024-10-07 20:58:59,128 [INFO] PluginManager:220 - loadIPPluginJar : add aes
2024-10-07 20:58:59,131 [INFO] IPUIPlugin:80 - create IPUIPlugin
2024-10-07 20:58:59,131 [INFO] PluginManager:220 - loadIPPluginJar : add ucpd
2024-10-07 20:58:59,140 [INFO] IPUIPlugin:80 - create IPUIPlugin
2024-10-07 20:58:59,140 [INFO] PluginManager:220 - loadIPPluginJar : add gic
2024-10-07 20:58:59,149 [INFO] IPUIPlugin:80 - create IPUIPlugin
2024-10-07 20:58:59,149 [INFO] PluginManager:220 - loadIPPluginJar : add adc
2024-10-07 20:58:59,151 [INFO] IPUIPlugin:80 - create IPUIPlugin
2024-10-07 20:58:59,152 [INFO] PluginManager:220 - loadIPPluginJar : add pdm2pcm
2024-10-07 20:58:59,156 [INFO] IPUIPlugin:80 - create IPUIPlugin
2024-10-07 20:58:59,156 [INFO] PluginManager:220 - loadIPPluginJar : add openamp
2024-10-07 20:58:59,158 [INFO] IPUIPlugin:80 - create IPUIPlugin
2024-10-07 20:58:59,159 [INFO] PluginManager:220 - loadIPPluginJar : add ltdc
2024-10-07 20:58:59,170 [INFO] IPUIPlugin:80 - create IPUIPlugin
2024-10-07 20:58:59,170 [INFO] PluginManager:220 - loadIPPluginJar : add fmc
2024-10-07 20:58:59,173 [INFO] IPUIPlugin:80 - create IPUIPlugin
2024-10-07 20:58:59,173 [INFO] PluginManager:220 - loadIPPluginJar : add tracer_emb
2024-10-07 20:58:59,176 [INFO] IPUIPlugin:80 - create IPUIPlugin
2024-10-07 20:58:59,177 [INFO] PluginManager:220 - loadIPPluginJar : add spi
2024-10-07 20:58:59,182 [INFO] IPUIPlugin:80 - create IPUIPlugin
2024-10-07 20:58:59,182 [INFO] PluginManager:220 - loadIPPluginJar : add nvic
2024-10-07 20:58:59,184 [INFO] IPUIPlugin:80 - create IPUIPlugin
2024-10-07 20:58:59,184 [INFO] PluginManager:220 - loadIPPluginJar : add genericplugin
2024-10-07 20:58:59,186 [INFO] IPUIPlugin:80 - create IPUIPlugin
2024-10-07 20:58:59,186 [INFO] PluginManager:220 - loadIPPluginJar : add comp
2024-10-07 20:58:59,190 [INFO] IPUIPlugin:80 - create IPUIPlugin
2024-10-07 20:58:59,190 [INFO] PluginManager:220 - loadIPPluginJar : add hash
2024-10-07 20:58:59,203 [INFO] IPUIPlugin:80 - create IPUIPlugin
2024-10-07 20:58:59,204 [INFO] PluginManager:220 - loadIPPluginJar : add mdma
2024-10-07 20:58:59,208 [INFO] IPUIPlugin:80 - create IPUIPlugin
2024-10-07 20:58:59,208 [INFO] PluginManager:220 - loadIPPluginJar : add usart
2024-10-07 20:58:59,212 [INFO] IPUIPlugin:80 - create IPUIPlugin
2024-10-07 20:58:59,212 [INFO] PluginManager:220 - loadIPPluginJar : add tim
2024-10-07 20:58:59,220 [INFO] IPUIPlugin:80 - create IPUIPlugin
2024-10-07 20:58:59,220 [INFO] PluginManager:220 - loadIPPluginJar : add dma
2024-10-07 20:58:59,223 [INFO] IPUIPlugin:80 - create IPUIPlugin
2024-10-07 20:58:59,223 [INFO] PluginManager:220 - loadIPPluginJar : add gfxmmu
2024-10-07 20:58:59,228 [INFO] IPUIPlugin:80 - create IPUIPlugin
2024-10-07 20:58:59,228 [INFO] PluginManager:220 - loadIPPluginJar : add ipddr
2024-10-07 20:58:59,231 [INFO] IPUIPlugin:80 - create IPUIPlugin
2024-10-07 20:58:59,231 [INFO] PluginManager:220 - loadIPPluginJar : add extmemmanager
2024-10-07 20:58:59,236 [INFO] IPUIPlugin:80 - create IPUIPlugin
2024-10-07 20:58:59,237 [INFO] PluginManager:220 - loadIPPluginJar : add can
2024-10-07 20:58:59,242 [INFO] IPUIPlugin:80 - create IPUIPlugin
2024-10-07 20:58:59,242 [INFO] PluginManager:220 - loadIPPluginJar : add resmgrutility
2024-10-07 20:58:59,249 [INFO] IPUIPlugin:80 - create IPUIPlugin
2024-10-07 20:58:59,249 [INFO] PluginManager:220 - loadIPPluginJar : add lorawan
2024-10-07 20:58:59,263 [INFO] IPUIPlugin:80 - create IPUIPlugin
2024-10-07 20:58:59,264 [INFO] PluginManager:220 - loadIPPluginJar : add linkedlist
2024-10-07 20:58:59,275 [INFO] IPUIPlugin:80 - create IPUIPlugin
2024-10-07 20:58:59,276 [INFO] PluginManager:220 - loadIPPluginJar : add freertos
2024-10-07 20:58:59,278 [INFO] IPUIPlugin:80 - create IPUIPlugin
2024-10-07 20:58:59,279 [INFO] PluginManager:220 - loadIPPluginJar : add tsc
2024-10-07 20:58:59,284 [INFO] IPUIPlugin:80 - create IPUIPlugin
2024-10-07 20:58:59,285 [INFO] PluginManager:220 - loadIPPluginJar : add i2s
2024-10-07 20:58:59,292 [INFO] IPUIPlugin:80 - create IPUIPlugin
2024-10-07 20:58:59,292 [INFO] PluginManager:220 - loadIPPluginJar : add usbx
2024-10-07 20:58:59,297 [INFO] IPUIPlugin:80 - create IPUIPlugin
2024-10-07 20:58:59,298 [INFO] PluginManager:220 - loadIPPluginJar : add gtzc
2024-10-07 20:58:59,315 [INFO] IPUIPlugin:80 - create IPUIPlugin
2024-10-07 20:58:59,322 [INFO] PluginManager:220 - loadIPPluginJar : add plateformsettings
2024-10-07 20:58:59,326 [INFO] IPUIPlugin:80 - create IPUIPlugin
2024-10-07 20:58:59,326 [INFO] PluginManager:220 - loadIPPluginJar : add fatfs
2024-10-07 20:58:59,333 [INFO] IPUIPlugin:80 - create IPUIPlugin
2024-10-07 20:58:59,333 [INFO] PluginManager:220 - loadIPPluginJar : add cryp
2024-10-07 20:58:59,339 [INFO] IPUIPlugin:80 - create IPUIPlugin
2024-10-07 20:58:59,340 [INFO] PluginManager:220 - loadIPPluginJar : add sai
2024-10-07 20:58:59,346 [INFO] IPUIPlugin:80 - create IPUIPlugin
2024-10-07 20:58:59,346 [INFO] PluginManager:220 - loadIPPluginJar : add i2c
2024-10-07 20:58:59,352 [INFO] IPUIPlugin:80 - create IPUIPlugin
2024-10-07 20:58:59,352 [INFO] PluginManager:220 - loadIPPluginJar : add dfsdm
2024-10-07 20:58:59,360 [INFO] IPUIPlugin:80 - create IPUIPlugin
2024-10-07 20:58:59,360 [INFO] PluginManager:220 - loadIPPluginJar : add opamp
2024-10-07 20:58:59,365 [INFO] IPUIPlugin:80 - create IPUIPlugin
2024-10-07 20:58:59,366 [INFO] PluginManager:220 - loadIPPluginJar : add ddr_ctrl_phy
2024-10-07 20:58:59,369 [INFO] IPUIPlugin:80 - create IPUIPlugin
2024-10-07 20:58:59,369 [INFO] PluginManager:220 - loadIPPluginJar : add ts
2024-10-07 20:58:59,560 [INFO] CADModel:165 - CPN selected for project level
2024-10-07 20:58:59,560 [INFO] CADModel:114 - Register for checkConnection events
2024-10-07 20:58:59,560 [FATAL] Updater:334 - Updater called before beeing initialized
2024-10-07 20:58:59,560 [ERROR] CADModel:125 - Updater not yet initialized, retry later 
2024-10-07 20:58:59,880 [INFO] CADModel:165 - CPN selected for project level
2024-10-07 20:58:59,880 [INFO] CADModel:114 - Register for checkConnection events
2024-10-07 20:58:59,880 [FATAL] Updater:334 - Updater called before beeing initialized
2024-10-07 20:58:59,880 [ERROR] CADModel:125 - Updater not yet initialized, retry later 
2024-10-07 20:58:59,889 [FATAL] Updater:334 - Updater called before beeing initialized
2024-10-07 20:59:00,076 [FATAL] Updater:334 - Updater called before beeing initialized
2024-10-07 20:59:00,085 [INFO] DbMcusAds:53 - JSON generation date=Thu Sep 30 12:25:09 IST 2021 (1632984909247)
2024-10-07 20:59:00,085 [FATAL] Updater:334 - Updater called before beeing initialized
2024-10-07 20:59:00,163 [WARN] DetailPanel:346 - Failed to get advertising image, set to default
2024-10-07 20:59:00,338 [FATAL] Updater:334 - Updater called before beeing initialized
2024-10-07 20:59:00,340 [FATAL] Updater:334 - Updater called before beeing initialized
2024-10-07 20:59:00,340 [FATAL] Updater:334 - Updater called before beeing initialized
2024-10-07 20:59:00,341 [WARN] DetailPanel:346 - Failed to get advertising image, set to default
2024-10-07 20:59:00,343 [FATAL] Updater:334 - Updater called before beeing initialized
2024-10-07 20:59:00,432 [ERROR] Updater:1164 - MainUpdater not yet initialized. External WinMGr cannot be set.
2024-10-07 20:59:00,435 [INFO] Updater:1100 - Updater Version found : 6.12.1
2024-10-07 20:59:00,474 [INFO] ApplicationProperties:184 - Using Application install path: /opt/st/stm32cubeide_1.16.1/plugins/com.st.stm32cube.common.mx_6.12.1.202409122256
2024-10-07 20:59:01,032 [INFO] ThirdPartyUpdaterWithRetryManager:70 - Updater plugin not ready yet. [2/15]
2024-10-07 20:59:01,129 [INFO] MainUpdater:2873 - connection check result : 10
2024-10-07 20:59:01,130 [INFO] MainUpdater:290 - Updater Check For Update Now.
2024-10-07 20:59:01,131 [INFO] MicroXplorer:498 - Change Database Version : DB.6.0.121
2024-10-07 20:59:01,150 [INFO] McuFinderGlobals:63 - Set McuFinder mode to 2 (CubeIDE integrated)
2024-10-07 20:59:01,151 [INFO] UserAuth:179 - activating auth plugin
2024-10-07 20:59:01,162 [INFO] UserAuth:417 - Internet connection configuration mode: 1
2024-10-07 20:59:01,196 [INFO] JxBrowserEngine:152 - Initiate JxBrowser Engine with user profile folder
2024-10-07 20:59:01,480 [INFO] CheckServerUpdateThread:120 - End of CheckServer Thread
2024-10-07 20:59:02,460 [INFO] WebApp:167 - Instantiating new browser for Auth
2024-10-07 20:59:03,961 [INFO] WebApp:448 - Apply proxy settings
2024-10-07 20:59:03,961 [INFO] WebApp:533 - Chromium requires no authentication
2024-10-07 20:59:03,975 [INFO] WebApp:476 - Direct internet connection detected
2024-10-07 20:59:04,012 [INFO] WebApp:869 - Register for checkConnection events
2024-10-07 20:59:04,012 [INFO] WebApp:448 - Apply proxy settings
2024-10-07 20:59:04,012 [INFO] WebApp:533 - Chromium requires no authentication
2024-10-07 20:59:04,013 [INFO] WebApp:476 - Direct internet connection detected
2024-10-07 20:59:04,310 [WARN] PackLoader:240 - Cannot read IP mode file for STMicroelectronics.FP-SNS-MOTENVWB1.1.4.0
2024-10-07 20:59:04,340 [WARN] PackLoader:240 - Cannot read IP mode file for STMicroelectronics.X-CUBE-SMBUS.2.1.0
2024-10-07 20:59:04,366 [WARN] PackLoader:240 - Cannot read IP mode file for STMicroelectronics.X-CUBE-WB05N.1.1.0
2024-10-07 20:59:04,370 [INFO] WebApp:220 - Starting web application
2024-10-07 20:59:04,371 [INFO] WebApp:578 - Web application path used /opt/st/stm32cubeide_1.16.1/plugins/com.st.stm32cube.common.mx_6.12.1.202409122256/db/plugins/mcufinder/reactClient1/index.html
2024-10-07 20:59:04,537 [WARN] PackLoader:240 - Cannot read IP mode file for STMicroelectronics.X-CUBE-AZRTOS-F7.1.1.0
2024-10-07 20:59:04,977 [WARN] PackLoader:240 - Cannot read IP mode file for STMicroelectronics.X-CUBE-MEMS1.11.0.0
2024-10-07 20:59:05,154 [INFO] WebApp:186 - Connection restablished
2024-10-07 20:59:05,817 [WARN] PackLoader:240 - Cannot read IP mode file for STMicroelectronics.FP-SNS-FLIGHT1.5.0.2
2024-10-07 20:59:05,842 [WARN] PackLoader:240 - Cannot read IP mode file for STMicroelectronics.X-CUBE-DISPLAY.3.0.0
2024-10-07 20:59:05,858 [WARN] PackLoader:240 - Cannot read IP mode file for STMicroelectronics.X-CUBE-BLE1.7.0.0
2024-10-07 20:59:05,881 [WARN] PackLoader:240 - Cannot read IP mode file for STMicroelectronics.X-CUBE-NFC10.1.0.0
2024-10-07 20:59:05,905 [WARN] PackLoader:240 - Cannot read IP mode file for emotas.I-CUBE-CANOPEN.1.3.0
2024-10-07 20:59:05,964 [WARN] PackLoader:240 - Cannot read IP mode file for STMicroelectronics.X-CUBE-BLEMGR.3.1.0
2024-10-07 20:59:05,998 [WARN] PackLoader:240 - Cannot read IP mode file for STMicroelectronics.FP-SNS-SMARTAG2.1.2.0
2024-10-07 20:59:06,052 [INFO] LogOutputStream:77 - [STDOUT_REDIRECT] 1 : Invalid condition id : UX_CORESTACK_Condition cause : null
2024-10-07 20:59:06,058 [INFO] LogOutputStream:77 - [STDOUT_REDIRECT] 1 : Invalid condition id : UX_CORESTACK_Condition cause : null
2024-10-07 20:59:06,059 [INFO] LogOutputStream:77 - [STDOUT_REDIRECT] 1 : Invalid condition id : UX_CORESTACK_Condition cause : null
2024-10-07 20:59:06,062 [INFO] LogOutputStream:77 - [STDOUT_REDIRECT] 1 : Invalid condition id : UX_CORESTACK_Condition cause : null
2024-10-07 20:59:06,064 [INFO] LogOutputStream:77 - [STDOUT_REDIRECT] 1 : Invalid condition id : UX_CORESTACK_Condition cause : null
2024-10-07 20:59:06,091 [WARN] PackLoader:240 - Cannot read IP mode file for STMicroelectronics.X-CUBE-AZRTOS-WL.2.0.0
2024-10-07 20:59:06,121 [WARN] PackLoader:240 - Cannot read IP mode file for STMicroelectronics.FP-SNS-MOTENV1.5.0.0
2024-10-07 20:59:06,143 [WARN] PackLoader:240 - Cannot read IP mode file for wolfSSL.I-CUBE-wolfMQTT.1.19.0
2024-10-07 20:59:06,175 [WARN] PackLoader:240 - Cannot read IP mode file for WES.I-CUBE-Cesium.1.3.0
2024-10-07 20:59:06,214 [WARN] PackLoader:240 - Cannot read IP mode file for STMicroelectronics.X-CUBE-BLE2.3.3.0
2024-10-07 20:59:06,245 [WARN] PackLoader:240 - Cannot read IP mode file for STMicroelectronics.X-CUBE-NFC9.1.0.0
2024-10-07 20:59:06,325 [WARN] PackLoader:240 - Cannot read IP mode file for STMicroelectronics.X-CUBE-TCPP.4.1.0
2024-10-07 20:59:06,424 [WARN] PackLoader:240 - Cannot read IP mode file for STMicroelectronics.X-CUBE-AZRTOS-G0.1.1.0
2024-10-07 20:59:06,457 [WARN] PackLoader:240 - Cannot read IP mode file for STMicroelectronics.X-CUBE-SAFEA1.1.2.2
2024-10-07 20:59:06,477 [WARN] PackLoader:240 - Cannot read IP mode file for STMicroelectronics.X-CUBE-NFC4.3.0.0
2024-10-07 20:59:06,502 [WARN] PackLoader:240 - Cannot read IP mode file for EmbeddedOffice.I-CUBE-FS-RTOS.1.0.1
2024-10-07 20:59:06,503 [ERROR] ConditionMgr:805 - Attr not supported : Dmpu
2024-10-07 20:59:06,503 [ERROR] ConditionMgr:805 - Attr not supported : Dmpu
2024-10-07 20:59:06,504 [ERROR] ConditionMgr:805 - Attr not supported : Dmpu
2024-10-07 20:59:06,505 [ERROR] ConditionMgr:805 - Attr not supported : Dmpu
2024-10-07 20:59:06,506 [ERROR] ConditionMgr:805 - Attr not supported : Dmpu
2024-10-07 20:59:06,506 [ERROR] ConditionMgr:805 - Attr not supported : Dmpu
2024-10-07 20:59:06,506 [ERROR] ConditionMgr:805 - Attr not supported : Dmpu
2024-10-07 20:59:06,506 [ERROR] ConditionMgr:805 - Attr not supported : Dmpu
2024-10-07 20:59:06,507 [ERROR] ConditionMgr:805 - Attr not supported : Dmpu
2024-10-07 20:59:06,507 [ERROR] ConditionMgr:805 - Attr not supported : Dmpu
2024-10-07 20:59:06,507 [ERROR] ConditionMgr:805 - Attr not supported : Dmpu
2024-10-07 20:59:06,507 [ERROR] ConditionMgr:805 - Attr not supported : Dmpu
2024-10-07 20:59:06,509 [ERROR] ConditionMgr:805 - Attr not supported : Dmpu
2024-10-07 20:59:06,509 [ERROR] ConditionMgr:805 - Attr not supported : Dmpu
2024-10-07 20:59:06,510 [ERROR] ConditionMgr:805 - Attr not supported : Dmpu
2024-10-07 20:59:06,510 [ERROR] ConditionMgr:805 - Attr not supported : Dmpu
2024-10-07 20:59:06,510 [ERROR] ConditionMgr:805 - Attr not supported : Dmpu
2024-10-07 20:59:06,510 [ERROR] ConditionMgr:805 - Attr not supported : Dmpu
2024-10-07 20:59:06,510 [ERROR] ConditionMgr:805 - Attr not supported : Dmpu
2024-10-07 20:59:06,510 [ERROR] ConditionMgr:805 - Attr not supported : Dmpu
2024-10-07 20:59:06,511 [ERROR] ConditionMgr:805 - Attr not supported : Dmpu
2024-10-07 20:59:06,511 [ERROR] ConditionMgr:805 - Attr not supported : Dmpu
2024-10-07 20:59:06,511 [ERROR] ConditionMgr:805 - Attr not supported : Dmpu
2024-10-07 20:59:06,514 [ERROR] ConditionMgr:805 - Attr not supported : Dmpu
2024-10-07 20:59:06,514 [ERROR] ConditionMgr:805 - Attr not supported : Dmpu
2024-10-07 20:59:06,515 [ERROR] ConditionMgr:805 - Attr not supported : Dmpu
2024-10-07 20:59:06,515 [ERROR] ConditionMgr:805 - Attr not supported : Dmpu
2024-10-07 20:59:06,515 [ERROR] ConditionMgr:805 - Attr not supported : Dmpu
2024-10-07 20:59:06,515 [ERROR] ConditionMgr:805 - Attr not supported : Dmpu
2024-10-07 20:59:06,515 [ERROR] ConditionMgr:805 - Attr not supported : Dmpu
2024-10-07 20:59:06,517 [ERROR] ConditionMgr:805 - Attr not supported : Dmpu
2024-10-07 20:59:06,517 [ERROR] ConditionMgr:805 - Attr not supported : Dmpu
2024-10-07 20:59:06,518 [ERROR] ConditionMgr:805 - Attr not supported : Dmpu
2024-10-07 20:59:06,518 [ERROR] ConditionMgr:805 - Attr not supported : Dmpu
2024-10-07 20:59:06,518 [ERROR] ConditionMgr:805 - Attr not supported : Dmpu
2024-10-07 20:59:06,518 [ERROR] ConditionMgr:805 - Attr not supported : Dmpu
2024-10-07 20:59:06,518 [ERROR] ConditionMgr:805 - Attr not supported : Dmpu
2024-10-07 20:59:06,518 [ERROR] ConditionMgr:805 - Attr not supported : Dmpu
2024-10-07 20:59:06,518 [ERROR] ConditionMgr:805 - Attr not supported : Dmpu
2024-10-07 20:59:06,519 [ERROR] ConditionMgr:805 - Attr not supported : Dmpu
2024-10-07 20:59:06,519 [ERROR] ConditionMgr:805 - Attr not supported : Dmpu
2024-10-07 20:59:06,519 [ERROR] ConditionMgr:805 - Attr not supported : Dmpu
2024-10-07 20:59:06,520 [ERROR] ConditionMgr:805 - Attr not supported : Dmpu
2024-10-07 20:59:06,521 [ERROR] ConditionMgr:805 - Attr not supported : Dmpu
2024-10-07 20:59:06,521 [ERROR] ConditionMgr:805 - Attr not supported : Dmpu
2024-10-07 20:59:06,521 [ERROR] ConditionMgr:805 - Attr not supported : Dmpu
2024-10-07 20:59:06,523 [ERROR] ConditionMgr:805 - Attr not supported : Dmpu
2024-10-07 20:59:06,523 [ERROR] ConditionMgr:805 - Attr not supported : Dmpu
2024-10-07 20:59:06,524 [ERROR] ConditionMgr:805 - Attr not supported : Dmpu
2024-10-07 20:59:06,524 [ERROR] ConditionMgr:805 - Attr not supported : Dmpu
2024-10-07 20:59:06,524 [ERROR] ConditionMgr:805 - Attr not supported : Dmpu
2024-10-07 20:59:06,524 [ERROR] ConditionMgr:805 - Attr not supported : Dmpu
2024-10-07 20:59:06,524 [ERROR] ConditionMgr:805 - Attr not supported : Dmpu
2024-10-07 20:59:06,524 [ERROR] ConditionMgr:805 - Attr not supported : Dmpu
2024-10-07 20:59:06,525 [ERROR] ConditionMgr:805 - Attr not supported : Dmpu
2024-10-07 20:59:06,525 [ERROR] ConditionMgr:805 - Attr not supported : Dmpu
2024-10-07 20:59:06,526 [ERROR] ConditionMgr:805 - Attr not supported : Dmpu
2024-10-07 20:59:06,527 [ERROR] ConditionMgr:805 - Attr not supported : Dmpu
2024-10-07 20:59:06,527 [ERROR] ConditionMgr:805 - Attr not supported : Dmpu
2024-10-07 20:59:06,527 [ERROR] ConditionMgr:805 - Attr not supported : Dmpu
2024-10-07 20:59:06,527 [ERROR] ConditionMgr:805 - Attr not supported : Dmpu
2024-10-07 20:59:06,528 [ERROR] ConditionMgr:805 - Attr not supported : Dmpu
2024-10-07 20:59:06,528 [ERROR] ConditionMgr:805 - Attr not supported : Dmpu
2024-10-07 20:59:06,528 [ERROR] ConditionMgr:805 - Attr not supported : Dmpu
2024-10-07 20:59:06,541 [WARN] PackLoader:240 - Cannot read IP mode file for RealThread.X-CUBE-RT-Thread_Nano.4.1.1
2024-10-07 20:59:06,554 [WARN] PackLoader:240 - Cannot read IP mode file for STMicroelectronics.FP-ATR-SIGFOX1.3.2.0
2024-10-07 20:59:06,567 [WARN] PackLoader:240 - Cannot read IP mode file for wolfSSL.I-CUBE-wolfSSL.5.7.2
2024-10-07 20:59:06,589 [WARN] PackLoader:240 - Cannot read IP mode file for STMicroelectronics.X-CUBE-EEPRMA1.5.1.0
2024-10-07 20:59:06,623 [WARN] PackLoader:240 - Cannot read IP mode file for ITTIA_DB.I-CUBE-ITTIADB.8.9.0
2024-10-07 20:59:06,777 [WARN] PackLoader:240 - Cannot read IP mode file for SEGGER.I-CUBE-embOS.1.3.1
2024-10-07 20:59:06,908 [WARN] PackLoader:240 - Cannot read IP mode file for STMicroelectronics.X-CUBE-ALGOBUILD.1.4.0
2024-10-07 20:59:06,913 [WARN] PackLoader:240 - Cannot read IP mode file for STMicroelectronics.X-CUBE-AI.9.1.0
2024-10-07 20:59:06,936 [WARN] PackLoader:240 - Cannot read IP mode file for STMicroelectronics.X-CUBE-AZRTOS-F4.1.1.0
2024-10-07 20:59:06,947 [WARN] PackLoader:240 - Cannot read IP mode file for STMicroelectronics.X-CUBE-ISPU.2.1.0
2024-10-07 20:59:06,955 [WARN] PackLoader:240 - Cannot read IP mode file for STMicroelectronics.X-CUBE-FREERTOS.1.2.0
2024-10-07 20:59:06,991 [WARN] PackLoader:240 - Cannot read IP mode file for STMicroelectronics.X-CUBE-AZRTOS-L5.2.0.0
2024-10-07 20:59:07,008 [WARN] PackLoader:240 - Cannot read IP mode file for STMicroelectronics.X-CUBE-NFC6.3.1.0
2024-10-07 20:59:07,016 [WARN] PackLoader:240 - Cannot read IP mode file for STMicroelectronics.X-CUBE-DPower.1.2.0
2024-10-07 20:59:07,023 [WARN] PackLoader:240 - Cannot read IP mode file for STMicroelectronics.X-CUBE-NFC7.1.0.1
2024-10-07 20:59:07,099 [WARN] ConditionMgr:438 - getConditionDescription Invalid condition id : LAN8742 Phy interface Condition cause : null
2024-10-07 20:59:07,100 [WARN] PackLoader:240 - Cannot read IP mode file for STMicroelectronics.X-CUBE-AZRTOS-L4.2.0.0
2024-10-07 20:59:07,104 [WARN] ConditionMgr:1039 - genDependencies : Invalid condition id : LAN8742 Phy interface Condition cause : null
2024-10-07 20:59:07,105 [WARN] ConditionMgr:1039 - genDependencies : Invalid condition id : LAN8742 Phy interface Condition cause : null
2024-10-07 20:59:07,106 [WARN] ConditionMgr:1039 - genDependencies : Invalid condition id : LAN8742 Phy interface Condition cause : null
2024-10-07 20:59:07,122 [WARN] PackLoader:240 - Cannot read IP mode file for STMicroelectronics.X-CUBE-SFXS2LP1.4.0.0
2024-10-07 20:59:07,181 [WARN] PackLoader:240 - Cannot read IP mode file for STMicroelectronics.X-CUBE-AZRTOS-H7.3.3.0
2024-10-07 20:59:07,243 [WARN] PackLoader:240 - Cannot read IP mode file for STMicroelectronics.X-CUBE-IPS.3.0.0
2024-10-07 20:59:07,279 [WARN] ConditionMgr:438 - getConditionDescription Invalid condition id : UX DEVICE CLASS RTOS Condition cause : null
2024-10-07 20:59:07,280 [WARN] ConditionMgr:438 - getConditionDescription Invalid condition id : UX DEVICE CLASS RTOS Condition cause : null
2024-10-07 20:59:07,287 [WARN] PackLoader:240 - Cannot read IP mode file for STMicroelectronics.X-CUBE-AZRTOS-WB.2.0.0
2024-10-07 20:59:07,289 [WARN] ConditionMgr:1039 - genDependencies : Invalid condition id : UX DEVICE CLASS RTOS Condition cause : null
2024-10-07 20:59:07,289 [WARN] ConditionMgr:1039 - genDependencies : Invalid condition id : UX DEVICE CLASS RTOS Condition cause : null
2024-10-07 20:59:07,290 [WARN] ConditionMgr:1039 - genDependencies : Invalid condition id : UX DEVICE CLASS RTOS Condition cause : null
2024-10-07 20:59:07,291 [WARN] ConditionMgr:1039 - genDependencies : Invalid condition id : UX DEVICE CLASS RTOS Condition cause : null
2024-10-07 20:59:07,292 [WARN] ConditionMgr:1039 - genDependencies : Invalid condition id : UX DEVICE CLASS RTOS Condition cause : null
2024-10-07 20:59:07,302 [WARN] PackLoader:240 - Cannot read IP mode file for STMicroelectronics.X-CUBE-GNSS1.7.0.0
2024-10-07 20:59:07,315 [WARN] PackLoader:240 - Cannot read IP mode file for STMicroelectronics.FP-SNS-STBOX1.2.0.0
2024-10-07 20:59:07,348 [WARN] PackLoader:240 - Cannot read IP mode file for STMicroelectronics.X-CUBE-SUBG2.5.0.0
2024-10-07 20:59:07,363 [WARN] PackLoader:240 - Cannot read IP mode file for Cesanta.I-CUBE-Mongoose.7.13.0
2024-10-07 20:59:07,394 [WARN] PackLoader:240 - Cannot read IP mode file for STMicroelectronics.X-CUBE-AZRTOS-G4.2.0.0
2024-10-07 20:59:07,405 [WARN] PackLoader:240 - Cannot read IP mode file for STMicroelectronics.X-CUBE-ALS.1.0.2
2024-10-07 20:59:07,415 [WARN] PackLoader:240 - Cannot read IP mode file for STMicroelectronics.X-CUBE-TOUCHGFX.4.24.1
2024-10-07 20:59:07,420 [WARN] PackLoader:240 - Cannot read IP mode file for wolfSSL.I-CUBE-wolfTPM.3.4.0
2024-10-07 20:59:07,428 [WARN] PackLoader:240 - Cannot read IP mode file for portGmbH.I-Cube-SoM-uGOAL.1.1.0
2024-10-07 20:59:07,471 [WARN] PackLoader:240 - Cannot read IP mode file for STMicroelectronics.X-CUBE-AZRTOS-H7RS.1.0.0
2024-10-07 20:59:07,480 [WARN] PackLoader:240 - Cannot read IP mode file for STMicroelectronics.FP-ATR-ASTRA1.2.0.0
2024-10-07 20:59:07,504 [WARN] PackLoader:240 - Cannot read IP mode file for STMicroelectronics.X-CUBE-TOF1.3.4.2
2024-10-07 20:59:07,588 [WARN] PackLoader:240 - Cannot read IP mode file for Infineon.AIROC-Wi-Fi-Bluetooth-STM32.1.6.1
2024-10-07 20:59:07,604 [WARN] PackLoader:240 - Cannot read IP mode file for wolfSSL.I-CUBE-wolfSSH.1.4.17
2024-10-07 20:59:07,606 [INFO] ThirdParty:978 - Integrity check success = true
2024-10-07 20:59:07,606 [INFO] IntegrityCheckThread:100 - exiting critical section [integrity check]
2024-10-07 20:59:07,606 [INFO] IntegrityCheckThread:103 - End integrity checks thread
