16:48:35 **** Build of configuration Debug for project 008StructPacketBitField ****
make all 
Building file: ../main.c
Invoking: GCC C Compiler
gcc -O0 -g3 -Wall -c -fmessage-length=0 -MMD -MP -MF"main.d" -MT"main.o" -o "main.o" "../main.c"
../main.c: In function ‘main’:
../main.c:37:31: warning: format ‘%u’ expects a matching ‘unsigned int’ argument [-Wformat=]
   37 |     printf("crc         :%#x %u \n",packet.crc);
      |                              ~^
      |                               |
      |                               unsigned int
../main.c:46:32: warning: format ‘%u’ expects argument of type ‘unsigned int’, but argument 2 has type ‘long unsigned int’ [-Wformat=]
   46 |     printf("Size of struct is %u \n", sizeof(packet));
      |                               ~^      ~~~~~~~~~~~~~~
      |                                |      |
      |                                |      long unsigned int
      |                                unsigned int
      |                               %lu
Finished building: ../main.c
 
Building target: 008StructPacketBitField
Invoking: GCC C Linker
gcc  -o "008StructPacketBitField" ./main.o   
Finished building target: 008StructPacketBitField
 
